This is pdfTeX, Version 3.141592653-2.6-1.40.25 (TeX Live 2023/Debian) (preloaded format=pdflatex 2026.4.8)  28 APR 2026 23:01
entering extended mode
 restricted \write18 enabled.
 file:line:error style messages enabled.
 %&-line parsing enabled.
**/home/khan/github/banya/report/alpha137/alpha137.tex
(/home/khan/github/banya/report/alpha137/alpha137.tex
LaTeX2e <2023-11-01> patch level 1
L3 programming layer <2024-01-22>
(./Definitions/mdpi.cls
Document Class: Definitions/mdpi 13/03/2026 MDPI paper class
(/usr/share/texlive/texmf-dist/tex/latex/base/article.cls
Document Class: article 2023/05/17 v1.4n Standard LaTeX document class
(/usr/share/texlive/texmf-dist/tex/latex/base/size10.clo
File: size10.clo 2023/05/17 v1.4n Standard LaTeX file (size option)
)
\c@part=\count187
\c@section=\count188
\c@subsection=\count189
\c@subsubsection=\count190
\c@paragraph=\count191
\c@subparagraph=\count192
\c@figure=\count193
\c@table=\count194
\abovecaptionskip=\skip48
\belowcaptionskip=\skip49
\bibindent=\dimen140
) (/usr/share/texlive/texmf-dist/tex/latex/base/fontenc.sty
Package: fontenc 2021/04/29 v2.0v Standard LaTeX package
) (/usr/share/texlive/texmf-dist/tex/latex/base/inputenc.sty
Package: inputenc 2021/02/14 v1.3d Input encoding file
\inpenc@prehook=\toks17
\inpenc@posthook=\toks18
) (/usr/share/texlive/texmf-dist/tex/latex/tools/calc.sty
Package: calc 2023/07/08 v4.3 Infix arithmetic (KKT,FJ)
\calc@Acount=\count195
\calc@Bcount=\count196
\calc@Adimen=\dimen141
\calc@Bdimen=\dimen142
\calc@Askip=\skip50
\calc@Bskip=\skip51
LaTeX Info: Redefining \setlength on input line 80.
LaTeX Info: Redefining \addtolength on input line 81.
\calc@Ccount=\count197
\calc@Cskip=\skip52
) (/usr/share/texlive/texmf-dist/tex/latex/tools/indentfirst.sty
Package: indentfirst 2023/07/02 v1.03 Indent first paragraph (DPC)
) (/usr/share/texlive/texmf-dist/tex/latex/fancyhdr/fancyhdr.sty
Package: fancyhdr 2022/11/09 v4.1 Extensive control of page headers and footers
\f@nch@headwidth=\skip53
\f@nch@O@elh=\skip54
\f@nch@O@erh=\skip55
\f@nch@O@olh=\skip56
\f@nch@O@orh=\skip57
\f@nch@O@elf=\skip58
\f@nch@O@erf=\skip59
\f@nch@O@olf=\skip60
\f@nch@O@orf=\skip61
) (/usr/share/texlive/texmf-dist/tex/latex/graphics/graphicx.sty
Package: graphicx 2021/09/16 v1.2d Enhanced LaTeX Graphics (DPC,SPQR)
 (/usr/share/texlive/texmf-dist/tex/latex/graphics/keyval.sty
Package: keyval 2022/05/29 v1.15 key=value parser (DPC)
\KV@toks@=\toks19
) (/usr/share/texlive/texmf-dist/tex/latex/graphics/graphics.sty
Package: graphics 2022/03/10 v1.4e Standard LaTeX Graphics (DPC,SPQR)
 (/usr/share/texlive/texmf-dist/tex/latex/graphics/trig.sty
Package: trig 2021/08/11 v1.11 sin cos tan (DPC)
) (/usr/share/texlive/texmf-dist/tex/latex/graphics-cfg/graphics.cfg
File: graphics.cfg 2016/06/04 v1.11 sample graphics configuration
)
Package graphics Info: Driver file: pdftex.def on input line 107.
 (/usr/share/texlive/texmf-dist/tex/latex/graphics-def/pdftex.def
File: pdftex.def 2022/09/22 v1.2b Graphics/color driver for pdftex
))
\Gin@req@height=\dimen143
\Gin@req@width=\dimen144
) (/usr/share/texlive/texmf-dist/tex/latex/epstopdf-pkg/epstopdf.sty
Package: epstopdf 2020-01-24 v2.11 Conversion with epstopdf on the fly (HO)
 (/usr/share/texlive/texmf-dist/tex/generic/infwarerr/infwarerr.sty
Package: infwarerr 2019/12/03 v1.5 Providing info/warning/error messages (HO)
) (/usr/share/texlive/texmf-dist/tex/latex/grfext/grfext.sty
Package: grfext 2019/12/03 v1.3 Manage graphics extensions (HO)
 (/usr/share/texlive/texmf-dist/tex/generic/kvdefinekeys/kvdefinekeys.sty
Package: kvdefinekeys 2019-12-19 v1.6 Define keys (HO)
)) (/usr/share/texlive/texmf-dist/tex/latex/kvoptions/kvoptions.sty
Package: kvoptions 2022-06-15 v3.15 Key value format for package options (HO)
 (/usr/share/texlive/texmf-dist/tex/generic/ltxcmds/ltxcmds.sty
Package: ltxcmds 2023-12-04 v1.26 LaTeX kernel commands for general use (HO)
) (/usr/share/texlive/texmf-dist/tex/latex/kvsetkeys/kvsetkeys.sty
Package: kvsetkeys 2022-10-05 v1.19 Key value parser (HO)
)) (/usr/share/texlive/texmf-dist/tex/generic/pdftexcmds/pdftexcmds.sty
Package: pdftexcmds 2020-06-27 v0.33 Utility functions of pdfTeX for LuaTeX (HO)
 (/usr/share/texlive/texmf-dist/tex/generic/iftex/iftex.sty
Package: iftex 2022/02/03 v1.0f TeX engine tests
)
Package pdftexcmds Info: \pdf@primitive is available.
Package pdftexcmds Info: \pdf@ifprimitive is available.
Package pdftexcmds Info: \pdfdraftmode found.
) (/usr/share/texlive/texmf-dist/tex/latex/epstopdf-pkg/epstopdf-base.sty
Package: epstopdf-base 2020-01-24 v2.11 Base part for package epstopdf
Package epstopdf-base Info: Redefining graphics rule for `.eps' on input line 485.
Package grfext Info: Graphics extension search list:
(grfext)             [.pdf,.png,.jpg,.mps,.jpeg,.jbig2,.jb2,.PDF,.PNG,.JPG,.JPEG,.JBIG2,.JB2,.eps]
(grfext)             \AppendGraphicsExtensions on input line 504.
 (/usr/share/texlive/texmf-dist/tex/latex/latexconfig/epstopdf-sys.cfg
File: epstopdf-sys.cfg 2010/07/13 v1.3 Configuration of (r)epstopdf for TeX Live
))) (/usr/share/texlive/texmf-dist/tex/latex/lastpage/lastpage.sty
Package: lastpage 2023/10/14 v2.0e lastpage: 2.09 or 2e? (HMM)
 (/usr/share/texlive/texmf-dist/tex/latex/lastpage/lastpage2e.sty
Package: lastpage2e 2023/10/14 v2.0e Decide which 2e lastpage version to use (HMM)
 (/usr/share/texlive/texmf-dist/tex/latex/lastpage/lastpagemodern.sty
Package: lastpagemodern 2023-10-14 v2.0e Refers to last page's name (HMM; JPG)
\c@lastpagecount=\count198
) 
)) (/usr/share/texlive/texmf-dist/tex/latex/base/ifthen.sty
Package: ifthen 2022/04/13 v1.1d Standard LaTeX ifthen package (DPC)
) (/usr/share/texlive/texmf-dist/tex/latex/float/float.sty
Package: float 2001/11/08 v1.3d Float enhancements (AL)
\c@float@type=\count199
\float@exts=\toks20
\float@box=\box51
\@float@everytoks=\toks21
\@floatcapt=\box52
) (/usr/share/texlive/texmf-dist/tex/latex/amsmath/amsmath.sty
Package: amsmath 2023/05/13 v2.17o AMS math features
\@mathmargin=\skip62

For additional information on amsmath, use the `?' option.
(/usr/share/texlive/texmf-dist/tex/latex/amsmath/amstext.sty
Package: amstext 2021/08/26 v2.01 AMS text
 (/usr/share/texlive/texmf-dist/tex/latex/amsmath/amsgen.sty
File: amsgen.sty 1999/11/30 v2.0 generic functions
\@emptytoks=\toks22
\ex@=\dimen145
)) (/usr/share/texlive/texmf-dist/tex/latex/amsmath/amsbsy.sty
Package: amsbsy 1999/11/29 v1.2d Bold Symbols
\pmbraise@=\dimen146
) (/usr/share/texlive/texmf-dist/tex/latex/amsmath/amsopn.sty
Package: amsopn 2022/04/08 v2.04 operator names
)
\inf@bad=\count266
LaTeX Info: Redefining \frac on input line 234.
\uproot@=\count267
\leftroot@=\count268
LaTeX Info: Redefining \overline on input line 399.
LaTeX Info: Redefining \colon on input line 410.
\classnum@=\count269
\DOTSCASE@=\count270
LaTeX Info: Redefining \ldots on input line 496.
LaTeX Info: Redefining \dots on input line 499.
LaTeX Info: Redefining \cdots on input line 620.
\Mathstrutbox@=\box53
\strutbox@=\box54
LaTeX Info: Redefining \big on input line 722.
LaTeX Info: Redefining \Big on input line 723.
LaTeX Info: Redefining \bigg on input line 724.
LaTeX Info: Redefining \Bigg on input line 725.
\big@size=\dimen147
LaTeX Font Info:    Redeclaring font encoding OML on input line 743.
LaTeX Font Info:    Redeclaring font encoding OMS on input line 744.
\macc@depth=\count271
LaTeX Info: Redefining \bmod on input line 905.
LaTeX Info: Redefining \pmod on input line 910.
LaTeX Info: Redefining \smash on input line 940.
LaTeX Info: Redefining \relbar on input line 970.
LaTeX Info: Redefining \Relbar on input line 971.
\c@MaxMatrixCols=\count272
\dotsspace@=\muskip16
\c@parentequation=\count273
\dspbrk@lvl=\count274
\tag@help=\toks23
\row@=\count275
\column@=\count276
\maxfields@=\count277
\andhelp@=\toks24
\eqnshift@=\dimen148
\alignsep@=\dimen149
\tagshift@=\dimen150
\tagwidth@=\dimen151
\totwidth@=\dimen152
\lineht@=\dimen153
\@envbody=\toks25
\multlinegap=\skip63
\multlinetaggap=\skip64
\mathdisplay@stack=\toks26
LaTeX Info: Redefining \[ on input line 2953.
LaTeX Info: Redefining \] on input line 2954.
) (/usr/share/texlive/texmf-dist/tex/latex/amsfonts/amssymb.sty
Package: amssymb 2013/01/14 v3.01 AMS font symbols
 (/usr/share/texlive/texmf-dist/tex/latex/amsfonts/amsfonts.sty
Package: amsfonts 2013/01/14 v3.01 Basic AMSFonts support
\symAMSa=\mathgroup4
\symAMSb=\mathgroup5
LaTeX Font Info:    Redeclaring math symbol \hbar on input line 98.
LaTeX Font Info:    Overwriting math alphabet `\mathfrak' in version `bold'
(Font)                  U/euf/m/n --> U/euf/b/n on input line 106.
)) (/usr/share/texlive/texmf-dist/tex/latex/lineno/lineno.sty
Package: lineno 2023/05/20 line numbers on paragraphs v5.3
 (/usr/share/texlive/texmf-dist/tex/latex/etoolbox/etoolbox.sty
Package: etoolbox 2020/10/05 v2.5k e-TeX tools for LaTeX (JAW)
\etb@tempcnta=\count278
)
\linenopenalty=\count279
\output=\toks27
\linenoprevgraf=\count280
\linenumbersep=\dimen154
\linenumberwidth=\dimen155
\c@linenumber=\count281
\c@pagewiselinenumber=\count282
\c@LN@truepage=\count283
\c@internallinenumber=\count284
\c@internallinenumbers=\count285
\quotelinenumbersep=\dimen156
\bframerule=\dimen157
\bframesep=\dimen158
\bframebox=\box55
\linenoamsmath@ams@eqpen=\count286
LaTeX Info: Redefining \\ on input line 3180.
) (/usr/share/texlive/texmf-dist/tex/latex/setspace/setspace.sty
Package: setspace 2022/12/04 v6.7b set line spacing
) (/usr/share/texlive/texmf-dist/tex/latex/enumitem/enumitem.sty
Package: enumitem 2019/06/20 v3.9 Customized lists
\labelindent=\skip65
\enit@outerparindent=\dimen159
\enit@toks=\toks28
\enit@inbox=\box56
\enit@count@id=\count287
\enitdp@description=\count288
) (/usr/share/texlive/texmf-dist/tex/latex/psnfss/mathpazo.sty
Package: mathpazo 2020/03/25 PSNFSS-v9.3 Palatino w/ Pazo Math (D.Puga, WaS) 
\symupright=\mathgroup6
) (/usr/share/texlive/texmf-dist/tex/latex/booktabs/booktabs.sty
Package: booktabs 2020/01/12 v1.61803398 Publication quality tables
\heavyrulewidth=\dimen160
\lightrulewidth=\dimen161
\cmidrulewidth=\dimen162
\belowrulesep=\dimen163
\belowbottomsep=\dimen164
\aboverulesep=\dimen165
\abovetopsep=\dimen166
\cmidrulesep=\dimen167
\cmidrulekern=\dimen168
\defaultaddspace=\dimen169
\@cmidla=\count289
\@cmidlb=\count290
\@aboverulesep=\dimen170
\@belowrulesep=\dimen171
\@thisruleclass=\count291
\@lastruleclass=\count292
\@thisrulewidth=\dimen172
) (/usr/share/texlive/texmf-dist/tex/latex/titlesec/titlesec.sty
Package: titlesec 2023/10/27 v2.16 Sectioning titles
\ttl@box=\box57
\beforetitleunit=\skip66
\aftertitleunit=\skip67
\ttl@plus=\dimen173
\ttl@minus=\dimen174
\ttl@toksa=\toks29
\titlewidth=\dimen175
\titlewidthlast=\dimen176
\titlewidthfirst=\dimen177
) (/usr/share/texlive/texmf-dist/tex/latex/tabto-ltx/tabto.sty
Package: tabto 2018/12/28  v 1.4  Another tabbing mechanism
\CurrentLineWidth=\dimen178
\TabPrevPos=\dimen179
) (/usr/share/texlive/texmf-dist/tex/latex/xcolor/xcolor.sty
Package: xcolor 2023/11/15 v3.01 LaTeX color extensions (UK)
 (/usr/share/texlive/texmf-dist/tex/latex/graphics-cfg/color.cfg
File: color.cfg 2016/01/02 v1.6 sample color configuration
)
Package xcolor Info: Driver file: pdftex.def on input line 274.
 (/usr/share/texlive/texmf-dist/tex/latex/graphics/mathcolor.ltx)
Package xcolor Info: Model `cmy' substituted by `cmy0' on input line 1350.
Package xcolor Info: Model `hsb' substituted by `rgb' on input line 1354.
Package xcolor Info: Model `RGB' extended on input line 1366.
Package xcolor Info: Model `HTML' substituted by `rgb' on input line 1368.
Package xcolor Info: Model `Hsb' substituted by `hsb' on input line 1369.
Package xcolor Info: Model `tHsb' substituted by `hsb' on input line 1370.
Package xcolor Info: Model `HSB' substituted by `hsb' on input line 1371.
Package xcolor Info: Model `Gray' substituted by `gray' on input line 1372.
Package xcolor Info: Model `wave' substituted by `hsb' on input line 1373.
) (/usr/share/texlive/texmf-dist/tex/latex/colortbl/colortbl.sty
Package: colortbl 2022/06/20 v1.0f Color table columns (DPC)
 (/usr/share/texlive/texmf-dist/tex/latex/tools/array.sty
Package: array 2023/10/16 v2.5g Tabular extension package (FMi)
\col@sep=\dimen180
\ar@mcellbox=\box58
\extrarowheight=\dimen181
\NC@list=\toks30
\extratabsurround=\skip68
\backup@length=\skip69
\ar@cellbox=\box59
)
\everycr=\toks31
\minrowclearance=\skip70
\rownum=\count293
) (/usr/share/texlive/texmf-dist/tex/generic/soul/soul.sty
Package: soul 2023-06-14 v3.1 Permit use of UTF-8 characters in soul (HO)
 (/usr/share/texlive/texmf-dist/tex/generic/soul/soul-ori.sty
Package: soul-ori 2023-06-14 v3.1 letterspacing/underlining (mf)
\SOUL@word=\toks32
\SOUL@lasttoken=\toks33
\SOUL@syllable=\toks34
\SOUL@cmds=\toks35
\SOUL@buffer=\toks36
\SOUL@token=\toks37
\SOUL@syllgoal=\dimen182
\SOUL@syllwidth=\dimen183
\SOUL@charkern=\dimen184
\SOUL@hyphkern=\dimen185
\SOUL@dimen=\dimen186
\SOUL@dimeni=\dimen187
\SOUL@minus=\count294
\SOUL@comma=\count295
\SOUL@apo=\count296
\SOUL@grave=\count297
\SOUL@spaceskip=\skip71
\SOUL@ttwidth=\dimen188
\SOUL@uldp=\dimen189
\SOUL@ulht=\dimen190
) (/usr/share/texlive/texmf-dist/tex/generic/etexcmds/etexcmds.sty
Package: etexcmds 2019/12/15 v1.7 Avoid name clashes with e-TeX commands (HO)
)) (/usr/share/texlive/texmf-dist/tex/latex/multirow/multirow.sty
Package: multirow 2021/03/15 v2.8 Span multiple rows of a table
\multirow@colwidth=\skip72
\multirow@cntb=\count298
\multirow@dima=\skip73
\bigstrutjot=\dimen191
) (/usr/share/texlive/texmf-dist/tex/latex/microtype/microtype.sty
Package: microtype 2023/03/13 v3.1a Micro-typographical refinements (RS)
\MT@toks=\toks38
\MT@tempbox=\box60
\MT@count=\count299
LaTeX Info: Redefining \noprotrusionifhmode on input line 1059.
LaTeX Info: Redefining \leftprotrusion on input line 1060.
\MT@prot@toks=\toks39
LaTeX Info: Redefining \rightprotrusion on input line 1078.
LaTeX Info: Redefining \textls on input line 1368.
\MT@outer@kern=\dimen192
LaTeX Info: Redefining \textmicrotypecontext on input line 1988.
\MT@listname@count=\count300
 (/usr/share/texlive/texmf-dist/tex/latex/microtype/microtype-pdftex.def
File: microtype-pdftex.def 2023/03/13 v3.1a Definitions specific to pdftex (RS)
LaTeX Info: Redefining \lsstyle on input line 902.
LaTeX Info: Redefining \lslig on input line 902.
\MT@outer@space=\skip74
)
Package microtype Info: Loading configuration file microtype.cfg.
 (/usr/share/texlive/texmf-dist/tex/latex/microtype/microtype.cfg
File: microtype.cfg 2023/03/13 v3.1a microtype main configuration file (RS)
)) (/usr/share/texlive/texmf-dist/tex/latex/pgf/frontendlayer/tikz.sty (/usr/share/texlive/texmf-dist/tex/latex/pgf/basiclayer/pgf.sty (/usr/share/texlive/texmf-dist/tex/latex/pgf/utilities/pgfrcs.sty (/usr/share/texlive/texmf-dist/tex/generic/pgf/utilities/pgfutil-common.tex
\pgfutil@everybye=\toks40
\pgfutil@tempdima=\dimen193
\pgfutil@tempdimb=\dimen194
) (/usr/share/texlive/texmf-dist/tex/generic/pgf/utilities/pgfutil-latex.def
\pgfutil@abb=\box61
) (/usr/share/texlive/texmf-dist/tex/generic/pgf/utilities/pgfrcs.code.tex (/usr/share/texlive/texmf-dist/tex/generic/pgf/pgf.revision.tex)
Package: pgfrcs 2023-01-15 v3.1.10 (3.1.10)
))
Package: pgf 2023-01-15 v3.1.10 (3.1.10)
 (/usr/share/texlive/texmf-dist/tex/latex/pgf/basiclayer/pgfcore.sty (/usr/share/texlive/texmf-dist/tex/latex/pgf/systemlayer/pgfsys.sty (/usr/share/texlive/texmf-dist/tex/generic/pgf/systemlayer/pgfsys.code.tex
Package: pgfsys 2023-01-15 v3.1.10 (3.1.10)
 (/usr/share/texlive/texmf-dist/tex/generic/pgf/utilities/pgfkeys.code.tex
\pgfkeys@pathtoks=\toks41
\pgfkeys@temptoks=\toks42
 (/usr/share/texlive/texmf-dist/tex/generic/pgf/utilities/pgfkeyslibraryfiltered.code.tex
\pgfkeys@tmptoks=\toks43
))
\pgf@x=\dimen195
\pgf@y=\dimen196
\pgf@xa=\dimen197
\pgf@ya=\dimen198
\pgf@xb=\dimen199
\pgf@yb=\dimen256
\pgf@xc=\dimen257
\pgf@yc=\dimen258
\pgf@xd=\dimen259
\pgf@yd=\dimen260
\w@pgf@writea=\write3
\r@pgf@reada=\read2
\c@pgf@counta=\count301
\c@pgf@countb=\count302
\c@pgf@countc=\count303
\c@pgf@countd=\count304
\t@pgf@toka=\toks44
\t@pgf@tokb=\toks45
\t@pgf@tokc=\toks46
\pgf@sys@id@count=\count305
 (/usr/share/texlive/texmf-dist/tex/generic/pgf/systemlayer/pgf.cfg
File: pgf.cfg 2023-01-15 v3.1.10 (3.1.10)
)
Driver file for pgf: pgfsys-pdftex.def
 (/usr/share/texlive/texmf-dist/tex/generic/pgf/systemlayer/pgfsys-pdftex.def
File: pgfsys-pdftex.def 2023-01-15 v3.1.10 (3.1.10)
 (/usr/share/texlive/texmf-dist/tex/generic/pgf/systemlayer/pgfsys-common-pdf.def
File: pgfsys-common-pdf.def 2023-01-15 v3.1.10 (3.1.10)
))) (/usr/share/texlive/texmf-dist/tex/generic/pgf/systemlayer/pgfsyssoftpath.code.tex
File: pgfsyssoftpath.code.tex 2023-01-15 v3.1.10 (3.1.10)
\pgfsyssoftpath@smallbuffer@items=\count306
\pgfsyssoftpath@bigbuffer@items=\count307
) (/usr/share/texlive/texmf-dist/tex/generic/pgf/systemlayer/pgfsysprotocol.code.tex
File: pgfsysprotocol.code.tex 2023-01-15 v3.1.10 (3.1.10)
))

LaTeX Warning: Package "xcolor" has already been loaded: ignoring load-time
(LaTeX)        option "pdftex".

(/usr/share/texlive/texmf-dist/tex/generic/pgf/basiclayer/pgfcore.code.tex
Package: pgfcore 2023-01-15 v3.1.10 (3.1.10)
 (/usr/share/texlive/texmf-dist/tex/generic/pgf/math/pgfmath.code.tex (/usr/share/texlive/texmf-dist/tex/generic/pgf/math/pgfmathutil.code.tex) (/usr/share/texlive/texmf-dist/tex/generic/pgf/math/pgfmathparser.code.tex
\pgfmath@dimen=\dimen261
\pgfmath@count=\count308
\pgfmath@box=\box62
\pgfmath@toks=\toks47
\pgfmath@stack@operand=\toks48
\pgfmath@stack@operation=\toks49
) (/usr/share/texlive/texmf-dist/tex/generic/pgf/math/pgfmathfunctions.code.tex) (/usr/share/texlive/texmf-dist/tex/generic/pgf/math/pgfmathfunctions.basic.code.tex) (/usr/share/texlive/texmf-dist/tex/generic/pgf/math/pgfmathfunctions.trigonometric.code.tex) (/usr/share/texlive/texmf-dist/tex/generic/pgf/math/pgfmathfunctions.random.code.tex) (/usr/share/texlive/texmf-dist/tex/generic/pgf/math/pgfmathfunctions.comparison.code.tex) (/usr/share/texlive/texmf-dist/tex/generic/pgf/math/pgfmathfunctions.base.code.tex) (/usr/share/texlive/texmf-dist/tex/generic/pgf/math/pgfmathfunctions.round.code.tex) (/usr/share/texlive/texmf-dist/tex/generic/pgf/math/pgfmathfunctions.misc.code.tex) (/usr/share/texlive/texmf-dist/tex/generic/pgf/math/pgfmathfunctions.integerarithmetics.code.tex) (/usr/share/texlive/texmf-dist/tex/generic/pgf/math/pgfmathcalc.code.tex) (/usr/share/texlive/texmf-dist/tex/generic/pgf/math/pgfmathfloat.code.tex
\c@pgfmathroundto@lastzeros=\count309
)) (/usr/share/texlive/texmf-dist/tex/generic/pgf/math/pgfint.code.tex) (/usr/share/texlive/texmf-dist/tex/generic/pgf/basiclayer/pgfcorepoints.code.tex
File: pgfcorepoints.code.tex 2023-01-15 v3.1.10 (3.1.10)
\pgf@picminx=\dimen262
\pgf@picmaxx=\dimen263
\pgf@picminy=\dimen264
\pgf@picmaxy=\dimen265
\pgf@pathminx=\dimen266
\pgf@pathmaxx=\dimen267
\pgf@pathminy=\dimen268
\pgf@pathmaxy=\dimen269
\pgf@xx=\dimen270
\pgf@xy=\dimen271
\pgf@yx=\dimen272
\pgf@yy=\dimen273
\pgf@zx=\dimen274
\pgf@zy=\dimen275
) (/usr/share/texlive/texmf-dist/tex/generic/pgf/basiclayer/pgfcorepathconstruct.code.tex
File: pgfcorepathconstruct.code.tex 2023-01-15 v3.1.10 (3.1.10)
\pgf@path@lastx=\dimen276
\pgf@path@lasty=\dimen277
) (/usr/share/texlive/texmf-dist/tex/generic/pgf/basiclayer/pgfcorepathusage.code.tex
File: pgfcorepathusage.code.tex 2023-01-15 v3.1.10 (3.1.10)
\pgf@shorten@end@additional=\dimen278
\pgf@shorten@start@additional=\dimen279
) (/usr/share/texlive/texmf-dist/tex/generic/pgf/basiclayer/pgfcorescopes.code.tex
File: pgfcorescopes.code.tex 2023-01-15 v3.1.10 (3.1.10)
\pgfpic=\box63
\pgf@hbox=\box64
\pgf@layerbox@main=\box65
\pgf@picture@serial@count=\count310
) (/usr/share/texlive/texmf-dist/tex/generic/pgf/basiclayer/pgfcoregraphicstate.code.tex
File: pgfcoregraphicstate.code.tex 2023-01-15 v3.1.10 (3.1.10)
\pgflinewidth=\dimen280
) (/usr/share/texlive/texmf-dist/tex/generic/pgf/basiclayer/pgfcoretransformations.code.tex
File: pgfcoretransformations.code.tex 2023-01-15 v3.1.10 (3.1.10)
\pgf@pt@x=\dimen281
\pgf@pt@y=\dimen282
\pgf@pt@temp=\dimen283
) (/usr/share/texlive/texmf-dist/tex/generic/pgf/basiclayer/pgfcorequick.code.tex
File: pgfcorequick.code.tex 2023-01-15 v3.1.10 (3.1.10)
) (/usr/share/texlive/texmf-dist/tex/generic/pgf/basiclayer/pgfcoreobjects.code.tex
File: pgfcoreobjects.code.tex 2023-01-15 v3.1.10 (3.1.10)
) (/usr/share/texlive/texmf-dist/tex/generic/pgf/basiclayer/pgfcorepathprocessing.code.tex
File: pgfcorepathprocessing.code.tex 2023-01-15 v3.1.10 (3.1.10)
) (/usr/share/texlive/texmf-dist/tex/generic/pgf/basiclayer/pgfcorearrows.code.tex
File: pgfcorearrows.code.tex 2023-01-15 v3.1.10 (3.1.10)
\pgfarrowsep=\dimen284
) (/usr/share/texlive/texmf-dist/tex/generic/pgf/basiclayer/pgfcoreshade.code.tex
File: pgfcoreshade.code.tex 2023-01-15 v3.1.10 (3.1.10)
\pgf@max=\dimen285
\pgf@sys@shading@range@num=\count311
\pgf@shadingcount=\count312
) (/usr/share/texlive/texmf-dist/tex/generic/pgf/basiclayer/pgfcoreimage.code.tex
File: pgfcoreimage.code.tex 2023-01-15 v3.1.10 (3.1.10)
) (/usr/share/texlive/texmf-dist/tex/generic/pgf/basiclayer/pgfcoreexternal.code.tex
File: pgfcoreexternal.code.tex 2023-01-15 v3.1.10 (3.1.10)
\pgfexternal@startupbox=\box66
) (/usr/share/texlive/texmf-dist/tex/generic/pgf/basiclayer/pgfcorelayers.code.tex
File: pgfcorelayers.code.tex 2023-01-15 v3.1.10 (3.1.10)
) (/usr/share/texlive/texmf-dist/tex/generic/pgf/basiclayer/pgfcoretransparency.code.tex
File: pgfcoretransparency.code.tex 2023-01-15 v3.1.10 (3.1.10)
) (/usr/share/texlive/texmf-dist/tex/generic/pgf/basiclayer/pgfcorepatterns.code.tex
File: pgfcorepatterns.code.tex 2023-01-15 v3.1.10 (3.1.10)
) (/usr/share/texlive/texmf-dist/tex/generic/pgf/basiclayer/pgfcorerdf.code.tex
File: pgfcorerdf.code.tex 2023-01-15 v3.1.10 (3.1.10)
))) (/usr/share/texlive/texmf-dist/tex/generic/pgf/modules/pgfmoduleshapes.code.tex
File: pgfmoduleshapes.code.tex 2023-01-15 v3.1.10 (3.1.10)
\pgfnodeparttextbox=\box67
) (/usr/share/texlive/texmf-dist/tex/generic/pgf/modules/pgfmoduleplot.code.tex
File: pgfmoduleplot.code.tex 2023-01-15 v3.1.10 (3.1.10)
) (/usr/share/texlive/texmf-dist/tex/latex/pgf/compatibility/pgfcomp-version-0-65.sty
Package: pgfcomp-version-0-65 2023-01-15 v3.1.10 (3.1.10)
\pgf@nodesepstart=\dimen286
\pgf@nodesepend=\dimen287
) (/usr/share/texlive/texmf-dist/tex/latex/pgf/compatibility/pgfcomp-version-1-18.sty
Package: pgfcomp-version-1-18 2023-01-15 v3.1.10 (3.1.10)
)) (/usr/share/texlive/texmf-dist/tex/latex/pgf/utilities/pgffor.sty (/usr/share/texlive/texmf-dist/tex/latex/pgf/utilities/pgfkeys.sty (/usr/share/texlive/texmf-dist/tex/generic/pgf/utilities/pgfkeys.code.tex)) (/usr/share/texlive/texmf-dist/tex/latex/pgf/math/pgfmath.sty (/usr/share/texlive/texmf-dist/tex/generic/pgf/math/pgfmath.code.tex)) (/usr/share/texlive/texmf-dist/tex/generic/pgf/utilities/pgffor.code.tex
Package: pgffor 2023-01-15 v3.1.10 (3.1.10)
\pgffor@iter=\dimen288
\pgffor@skip=\dimen289
\pgffor@stack=\toks50
\pgffor@toks=\toks51
)) (/usr/share/texlive/texmf-dist/tex/generic/pgf/frontendlayer/tikz/tikz.code.tex
Package: tikz 2023-01-15 v3.1.10 (3.1.10)
 (/usr/share/texlive/texmf-dist/tex/generic/pgf/libraries/pgflibraryplothandlers.code.tex
File: pgflibraryplothandlers.code.tex 2023-01-15 v3.1.10 (3.1.10)
\pgf@plot@mark@count=\count313
\pgfplotmarksize=\dimen290
)
\tikz@lastx=\dimen291
\tikz@lasty=\dimen292
\tikz@lastxsaved=\dimen293
\tikz@lastysaved=\dimen294
\tikz@lastmovetox=\dimen295
\tikz@lastmovetoy=\dimen296
\tikzleveldistance=\dimen297
\tikzsiblingdistance=\dimen298
\tikz@figbox=\box68
\tikz@figbox@bg=\box69
\tikz@tempbox=\box70
\tikz@tempbox@bg=\box71
\tikztreelevel=\count314
\tikznumberofchildren=\count315
\tikznumberofcurrentchild=\count316
\tikz@fig@count=\count317
 (/usr/share/texlive/texmf-dist/tex/generic/pgf/modules/pgfmodulematrix.code.tex
File: pgfmodulematrix.code.tex 2023-01-15 v3.1.10 (3.1.10)
\pgfmatrixcurrentrow=\count318
\pgfmatrixcurrentcolumn=\count319
\pgf@matrix@numberofcolumns=\count320
)
\tikz@expandcount=\count321
 (/usr/share/texlive/texmf-dist/tex/generic/pgf/frontendlayer/tikz/libraries/tikzlibrarytopaths.code.tex
File: tikzlibrarytopaths.code.tex 2023-01-15 v3.1.10 (3.1.10)
))) (/usr/share/texlive/texmf-dist/tex/latex/refcount/refcount.sty
Package: refcount 2019/12/15 v3.6 Data extraction from label references (HO)
) (/usr/share/texlive/texmf-dist/tex/latex/changepage/changepage.sty
Package: changepage 2009/10/20 v1.0c check page and change page layout
\c@cp@cntr=\count322
\cp@tempcnt=\count323
) (/usr/share/texlive/texmf-dist/tex/latex/frankenstein/attrib.sty
Package: attrib 2001/08/31 v1.3 attribution of block elements (Frankenstein's hat)
 (/usr/share/texlive/texmf-dist/tex/latex/frankenstein/moredefs.sty
Package: moredefs 2001/08/31 v1.8 more defining commands (Frankenstein's brain)
\sc@toks@a=\toks52
\sc@toks@b=\toks53
)
\AttribMinSkip=\skip75
) (/usr/share/texlive/texmf-dist/tex/latex/was/upgreek.sty
Package: upgreek 2003/02/12 v2.0 (WaS)
Package upgreek Info: Using Euler Roman for upright Greek on input line 31.
\symugrf@m=\mathgroup7
LaTeX Font Info:    Overwriting symbol font `ugrf@m' in version `bold'
(Font)                  U/eur/m/n --> U/eur/b/n on input line 38.
) (/usr/share/texlive/texmf-dist/tex/latex/tools/tabularx.sty
Package: tabularx 2023/07/08 v2.11c `tabularx' package (DPC)
\TX@col@width=\dimen299
\TX@old@table=\dimen300
\TX@old@col=\dimen301
\TX@target=\dimen302
\TX@delta=\dimen303
\TX@cols=\count324
\TX@ftn=\toks54
) (/usr/share/texlive/texmf-dist/tex/latex/pbox/pbox.sty
Package: pbox 2011/12/07 v1.2 Dynamic parboxes
\pb@xlen=\skip76
) (/usr/share/texlive/texmf-dist/tex/latex/ragged2e/ragged2e.sty
Package: ragged2e 2023/06/22 v3.6 ragged2e Package
\CenteringLeftskip=\skip77
\RaggedLeftLeftskip=\skip78
\RaggedRightLeftskip=\skip79
\CenteringRightskip=\skip80
\RaggedLeftRightskip=\skip81
\RaggedRightRightskip=\skip82
\CenteringParfillskip=\skip83
\RaggedLeftParfillskip=\skip84
\RaggedRightParfillskip=\skip85
\JustifyingParfillskip=\skip86
\CenteringParindent=\skip87
\RaggedLeftParindent=\skip88
\RaggedRightParindent=\skip89
\JustifyingParindent=\skip90
) (/usr/share/texlive/texmf-dist/tex/latex/tocloft/tocloft.sty
Package: tocloft 2017/08/31 v2.3i parameterised ToC, etc., typesetting
Package tocloft Info: The document has section divisions on input line 51.
\cftparskip=\skip91
\cftbeforetoctitleskip=\skip92
\cftaftertoctitleskip=\skip93
\cftbeforepartskip=\skip94
\cftpartnumwidth=\skip95
\cftpartindent=\skip96
\cftbeforesecskip=\skip97
\cftsecindent=\skip98
\cftsecnumwidth=\skip99
\cftbeforesubsecskip=\skip100
\cftsubsecindent=\skip101
\cftsubsecnumwidth=\skip102
\cftbeforesubsubsecskip=\skip103
\cftsubsubsecindent=\skip104
\cftsubsubsecnumwidth=\skip105
\cftbeforeparaskip=\skip106
\cftparaindent=\skip107
\cftparanumwidth=\skip108
\cftbeforesubparaskip=\skip109
\cftsubparaindent=\skip110
\cftsubparanumwidth=\skip111
\cftbeforeloftitleskip=\skip112
\cftafterloftitleskip=\skip113
\cftbeforefigskip=\skip114
\cftfigindent=\skip115
\cftfignumwidth=\skip116
\cftbeforelottitleskip=\skip117
\cftafterlottitleskip=\skip118
\cftbeforetabskip=\skip119
\cfttabindent=\skip120
\cfttabnumwidth=\skip121
\cftbeforesubfigskip=\skip122
\cftsubfigindent=\skip123
\cftsubfignumwidth=\skip124
\cftbeforesubtabskip=\skip125
\cftsubtabindent=\skip126
\cftsubtabnumwidth=\skip127
) (/usr/share/texlive/texmf-dist/tex/latex/marginnote/marginnote.sty
Package: marginnote 2018/08/09 1.4b non floating margin notes for LaTeX
\c@mn@abspage=\count325
) (/usr/share/texlive/texmf-dist/tex/latex/marginfix/marginfix.sty
Package: marginfix 2020/05/06 v1.2 Fix Margin Paragraphs
\Mfx@inject@insert=\insert252
\Mfx@marginbox=\box72
\Mfx@marginpos@min=\dimen304
\Mfx@marginpos@max=\dimen305
\Mfx@marginspace=\dimen306
\Mfx@marginheight=\dimen307
\Mfx@piece@content=\box73
\Mfx@piece@count=\count326
\Mfx@mparshift=\dimen308
\marginheightadjustment=\dimen309
\marginposadjustment=\dimen310
\Mfx@strutheight=\dimen311
) (/usr/share/texlive/texmf-dist/tex/latex/enotez/enotez.sty (/usr/share/texlive/texmf-dist/tex/latex/l3kernel/expl3.sty
Package: expl3 2024-01-22 L3 programming layer (loader) 
 (/usr/share/texlive/texmf-dist/tex/latex/l3backend/l3backend-pdftex.def
File: l3backend-pdftex.def 2024-01-04 L3 backend support: PDF output (pdfTeX)
\l__color_backend_stack_int=\count327
\l__pdf_internal_box=\box74
)) (/usr/share/texlive/texmf-dist/tex/latex/l3packages/xparse/xparse.sty
Package: xparse 2023-10-10 L3 Experimental document command parser
) (/usr/share/texlive/texmf-dist/tex/latex/l3packages/l3keys2e/l3keys2e.sty
Package: l3keys2e 2023-10-10 LaTeX2e option processing using LaTeX3 keys
) (/usr/share/texlive/texmf-dist/tex/latex/l3packages/xtemplate/xtemplate.sty
Package: xtemplate 2023-10-10 L3 Experimental prototype document functions
\l__xtemplate_tmp_dim=\dimen312
\l__xtemplate_tmp_int=\count328
\l__xtemplate_tmp_muskip=\muskip17
\l__xtemplate_tmp_skip=\skip128
)
Package: enotez 2022/01/04 v0.10d Endnotes for LaTeX2e
\l__enotez_list_preamble_skip=\skip129
\l__enotez_list_postamble_skip=\skip130
\g__enotez_endnote_id_int=\count329
\g__enotez_endnote_mark_int=\count330
\c@endnote=\count331
\g__enotez_list_printed_int=\count332
\l__enotez_tmpa_int=\count333

Package xtemplate Info: Declaring object type 'enotez-list' taking 1
(xtemplate)             argument(s) on line 473.

\l__enotez_list_notes_sep_dim=\dimen313
 (/usr/share/texlive/texmf-dist/tex/latex/translations/translations.sty
Package: translations 2022/02/05 v1.12 internationalization of LaTeX2e packages (CN)
)) (/usr/share/texlive/texmf-dist/tex/generic/xstring/xstring.sty (/usr/share/texlive/texmf-dist/tex/generic/xstring/xstring.tex
\xs_counta=\count334
\xs_countb=\count335
)
Package: xstring 2023/08/22 v1.86 String manipulations (CT)
) (/usr/share/texlive/texmf-dist/tex/latex/subfig/subfig.sty
Package: subfig 2005/06/28 ver: 1.3 subfig package
 (/usr/share/texlive/texmf-dist/tex/latex/caption/caption.sty
Package: caption 2023/08/05 v3.6o Customizing captions (AR)
 (/usr/share/texlive/texmf-dist/tex/latex/caption/caption3.sty
Package: caption3 2023/07/31 v2.4d caption3 kernel (AR)
\caption@tempdima=\dimen314
\captionmargin=\dimen315
\caption@leftmargin=\dimen316
\caption@rightmargin=\dimen317
\caption@width=\dimen318
\caption@indent=\dimen319
\caption@parindent=\dimen320
\caption@hangindent=\dimen321
Package caption Info: Standard document class detected.
)
\c@caption@flags=\count336
\c@continuedfloat=\count337
Package caption Info: changepage package is loaded.
\caption@adjustwidth@hsize=\dimen322
\caption@adjustwidth@linewidth=\dimen323
Package caption Info: float package is loaded.
)
\c@KVtest=\count338
\sf@farskip=\skip131
\sf@captopadj=\dimen324
\sf@capskip=\skip132
\sf@nearskip=\skip133
\c@subfigure=\count339
\c@subfigure@save=\count340
\c@lofdepth=\count341
\c@subtable=\count342
\c@subtable@save=\count343
\c@lotdepth=\count344
\sf@top=\skip134
\sf@bottom=\skip135
) (/usr/share/texlive/texmf-dist/tex/generic/alphalph/alphalph.sty
Package: alphalph 2019/12/09 v2.6 Convert numbers to letters (HO)
 (/usr/share/texlive/texmf-dist/tex/generic/intcalc/intcalc.sty
Package: intcalc 2019/12/15 v1.3 Expandable calculations with integers (HO)
)) (./Definitions/journalnames.tex) (/usr/share/texlive/texmf-dist/tex/latex/amscls/amsthm.sty
Package: amsthm 2020/05/29 v2.20.6
\thm@style=\toks55
\thm@bodyfont=\toks56
\thm@headfont=\toks57
\thm@notefont=\toks58
\thm@headpunct=\toks59
\thm@preskip=\skip136
\thm@postskip=\skip137
\thm@headsep=\skip138
\dth@everypar=\toks60
)
\c@theorem=\count345
\c@lemma=\count346
\c@corollary=\count347
\c@proposition=\count348
\c@characterization=\count349
\c@property=\count350
\c@problem=\count351
\c@example=\count352
\c@examplesanddefinitions=\count353
\c@remark=\count354
\c@definition=\count355
\c@hypothesis=\count356
\c@notation=\count357
\c@assumption=\count358
\c@algorithm=\count359
 (/usr/share/texlive/texmf-dist/tex/latex/natbib/natbib.sty
Package: natbib 2010/09/13 8.31b (PWD, AO)
\bibhang=\skip139
\bibsep=\skip140
LaTeX Info: Redefining \cite on input line 694.
\c@NAT@ctr=\count360
) (/usr/share/texlive/texmf-dist/tex/latex/koma-script/scrextend.sty
Package: scrextend 2023/07/07 v3.41 KOMA-Script package (extend other classes with features of KOMA-Script classes)
 (/usr/share/texlive/texmf-dist/tex/latex/koma-script/scrkbase.sty
Package: scrkbase 2023/07/07 v3.41 KOMA-Script package (KOMA-Script-dependent basics and keyval usage)
 (/usr/share/texlive/texmf-dist/tex/latex/koma-script/scrbase.sty
Package: scrbase 2023/07/07 v3.41 KOMA-Script package (KOMA-Script-independent basics and keyval usage)
 (/usr/share/texlive/texmf-dist/tex/latex/koma-script/scrlfile.sty
Package: scrlfile 2023/07/07 v3.41 KOMA-Script package (file load hooks)
 (/usr/share/texlive/texmf-dist/tex/latex/koma-script/scrlfile-hook.sty
Package: scrlfile-hook 2023/07/07 v3.41 KOMA-Script package (using LaTeX hooks)
 (/usr/share/texlive/texmf-dist/tex/latex/koma-script/scrlogo.sty
Package: scrlogo 2023/07/07 v3.41 KOMA-Script package (logo)
)))
Applying: [2021/05/01] Usage of raw or classic option list on input line 252.
Already applied: [0000/00/00] Usage of raw or classic option list on input line 368.
)))
\MyLen=\skip141
\MyBox=\box75
\leftcolumnlength=\skip142
\extralength=\skip143
\fulllength=\skip144
 (/usr/share/texlive/texmf-dist/tex/latex/geometry/geometry.sty
Package: geometry 2020/01/02 v5.9 Page Geometry
 (/usr/share/texlive/texmf-dist/tex/generic/iftex/ifvtex.sty
Package: ifvtex 2019/10/25 v1.7 ifvtex legacy package. Use iftex instead.
)
\Gm@cnth=\count361
\Gm@cntv=\count362
\c@Gm@tempcnt=\count363
\Gm@bindingoffset=\dimen325
\Gm@wd@mp=\dimen326
\Gm@odd@mp=\dimen327
\Gm@even@mp=\dimen328
\Gm@layoutwidth=\dimen329
\Gm@layoutheight=\dimen330
\Gm@layouthoffset=\dimen331
\Gm@layoutvoffset=\dimen332
\Gm@dimlist=\toks61
) (/usr/share/texlive/texmf-dist/tex/latex/newfloat/newfloat.sty
Package: newfloat 2023/10/01 v1.2 Defining new floating environments (AR)
)
Package newfloat Info: New float `listing' with options `' on input line 1563.
\c@listing=\count364
Package newfloat Info: float type `listing'=4 on input line 1563.
\c@lolistingdepth=\count365
Package newfloat Info: New float `boxenv' with options `name=Box' on input line 1564.
\c@boxenv=\count366
Package newfloat Info: float type `boxenv'=8 on input line 1564.
\c@loboxenvdepth=\count367
Package newfloat Info: New float `chart' with options `' on input line 1565.
\c@chart=\count368
Package newfloat Info: float type `chart'=16 on input line 1565.
\c@lochartdepth=\count369
Package newfloat Info: New float `scheme' with options `' on input line 1566.
\c@scheme=\count370
Package newfloat Info: float type `scheme'=32 on input line 1566.
\c@loschemedepth=\count371
Package newfloat Info: New float `figurewide' with options `' on input line 1567.
\c@figurewide=\count372
Package newfloat Info: float type `figurewide'=64 on input line 1567.
\c@lofigurewidedepth=\count373
Package newfloat Info: New float `graph' with options `' on input line 1568.
\c@graph=\count374
Package newfloat Info: float type `graph'=128 on input line 1568.
\c@lographdepth=\count375
\@justcentbox=\box76
 (/usr/share/texlive/texmf-dist/tex/latex/seqsplit/seqsplit.sty
Package: seqsplit 2006/08/07 v0.1 Splitting long sequences (DNA, RNA, proteins, etc.) 
)
\cellWidtha=\skip145
\cellWidthb=\skip146
\cellWidthc=\skip147
\cellWidthd=\skip148
\cellWidthe=\skip149
\cellWidthf=\skip150
\cellWidthg=\skip151
\cellWidthh=\skip152
\cellWidthi=\skip153
\cellWidthj=\skip154
\cellWidthk=\skip155
\cellWidthl=\skip156
\cellWidthm=\skip157
\cellWidthn=\skip158
\cellWidtho=\skip159
\cellWidthp=\skip160
\cellWidthq=\skip161
\cellWidthr=\skip162
\cellWidths=\skip163
\cellWidtht=\skip164
\cellWidthu=\skip165
\cellWidthv=\skip166
\cellWidthw=\skip167
\cellWidthx=\skip168
\cellWidthy=\skip169
\cellWidthz=\skip170
\cellWidthA=\skip171
\cellWidthB=\skip172
\cellWidthC=\skip173
\cellWidthD=\skip174
\cellWidthE=\skip175
\cellWidthF=\skip176
\cellWidthG=\skip177
\cellWidthH=\skip178
\cellWidthI=\skip179
\cellWidthJ=\skip180
\cellWidthK=\skip181
\cellWidthL=\skip182
\cellWidthM=\skip183
\cellWidthN=\skip184
\cellWidthO=\skip185
\cellWidthP=\skip186
\cellWidthQ=\skip187
\cellWidthR=\skip188
\cellWidthS=\skip189
\cellWidthT=\skip190
\cellWidthU=\skip191
\cellWidthV=\skip192
\cellWidthW=\skip193
\cellWidthX=\skip194
\cellWidthY=\skip195
\cellWidthZ=\skip196
) (/usr/share/texlive/texmf-dist/tex/latex/cjk-ko/kotex.sty
Package: kotex 2015/04/19 v1.6 Korean TeX (ko.TeX)
 (/usr/share/texlive/texmf-dist/tex/latex/kotex-utf/kotex.cfg) (/usr/share/texlive/texmf-dist/tex/latex/kotex-utf/kotexutf.sty
Package: kotexutf 2022/06/22 v3.0.0 typesetting UTF-8 Korean documents
 (/usr/share/texlive/texmf-dist/tex/plain/kotex-plain/kotexutf-core.tex
\unih@ngulpoint=\count376
\dhucs@emph@raise=\dimen333
)
Now handling font encoding LUC ...
... processing UTF-8 mapping file for font encoding LUC
 (/usr/share/texlive/texmf-dist/tex/latex/kotex-utf/lucenc.dfu
File: lucenc.dfu 2007/09/05 UTF-8 support for dhucs
   defining Unicode char U+00B7 (decimal 183)
   defining Unicode char U+2018 (decimal 8216)
   defining Unicode char U+2019 (decimal 8217)
   defining Unicode char U+201C (decimal 8220)
   defining Unicode char U+201D (decimal 8221)
   defining Unicode char U+3001 (decimal 12289)
   defining Unicode char U+3002 (decimal 12290)
   defining Unicode char U+3008 (decimal 12296)
   defining Unicode char U+3009 (decimal 12297)
   defining Unicode char U+300A (decimal 12298)
   defining Unicode char U+300B (decimal 12299)
   defining Unicode char U+300C (decimal 12300)
   defining Unicode char U+300D (decimal 12301)
   defining Unicode char U+300E (decimal 12302)
   defining Unicode char U+300F (decimal 12303)
   defining Unicode char U+3010 (decimal 12304)
   defining Unicode char U+3011 (decimal 12305)
   defining Unicode char U+3014 (decimal 12308)
   defining Unicode char U+3015 (decimal 12309)
   defining Unicode char U+3016 (decimal 12310)
   defining Unicode char U+3017 (decimal 12311)
   defining Unicode char U+3018 (decimal 12312)
   defining Unicode char U+3019 (decimal 12313)
   defining Unicode char U+301A (decimal 12314)
   defining Unicode char U+301B (decimal 12315)
   defining Unicode char U+FF01 (decimal 65281)
   defining Unicode char U+FF08 (decimal 65288)
   defining Unicode char U+FF09 (decimal 65289)
   defining Unicode char U+FF0C (decimal 65292)
   defining Unicode char U+FF0E (decimal 65294)
   defining Unicode char U+FF1A (decimal 65306)
   defining Unicode char U+FF1B (decimal 65307)
   defining Unicode char U+FF1C (decimal 65308)
   defining Unicode char U+FF1D (decimal 65309)
   defining Unicode char U+FF1E (decimal 65310)
   defining Unicode char U+FF1F (decimal 65311)
   defining Unicode char U+FF3B (decimal 65339)
   defining Unicode char U+FF3D (decimal 65341)
   defining Unicode char U+FF5B (decimal 65371)
   defining Unicode char U+FF5D (decimal 65373)
   defining Unicode char U+FF61 (decimal 65377)
   defining Unicode char U+FF62 (decimal 65378)
   defining Unicode char U+FF63 (decimal 65379)
   defining Unicode char U+FF64 (decimal 65380)
   defining Unicode char U+FF65 (decimal 65381)
)
\@josa=\count377
\josatoks=\toks62
 (/usr/share/texlive/texmf-dist/tex/latex/cjk-ko/kolabels-utf.sty
Package: kolabels-utf 2015/03/20 v1.5 UTF-8 Hangul item labels
)))
\c@Axiom=\count378
Package translations Info: No language package found. I am going to use `english' as default language. on input line 81.
 (/usr/share/texlive/texmf-dist/tex/latex/hyperref/hyperref.sty
Package: hyperref 2024-01-20 v7.01h Hypertext links for LaTeX
 (/usr/share/texlive/texmf-dist/tex/generic/pdfescape/pdfescape.sty
Package: pdfescape 2019/12/09 v1.15 Implements pdfTeX's escape features (HO)
) (/usr/share/texlive/texmf-dist/tex/latex/hycolor/hycolor.sty
Package: hycolor 2020-01-27 v1.10 Color options for hyperref/bookmark (HO)
) (/usr/share/texlive/texmf-dist/tex/latex/auxhook/auxhook.sty
Package: auxhook 2019-12-17 v1.6 Hooks for auxiliary files (HO)
) (/usr/share/texlive/texmf-dist/tex/latex/hyperref/nameref.sty
Package: nameref 2023-11-26 v2.56 Cross-referencing by name of section
 (/usr/share/texlive/texmf-dist/tex/generic/gettitlestring/gettitlestring.sty
Package: gettitlestring 2019/12/15 v1.6 Cleanup title references (HO)
)
\c@section@level=\count379
)
\@linkdim=\dimen334
\Hy@linkcounter=\count380
\Hy@pagecounter=\count381
 (/usr/share/texlive/texmf-dist/tex/latex/hyperref/pd1enc.def
File: pd1enc.def 2024-01-20 v7.01h Hyperref: PDFDocEncoding definition (HO)
Now handling font encoding PD1 ...
... no UTF-8 mapping file for font encoding PD1
)
\Hy@SavedSpaceFactor=\count382
 (/usr/share/texlive/texmf-dist/tex/latex/hyperref/puenc.def
File: puenc.def 2024-01-20 v7.01h Hyperref: PDF Unicode definition (HO)
Now handling font encoding PU ...
... no UTF-8 mapping file for font encoding PU
)
Package hyperref Info: Option `unicode' set `true' on input line 4062.
Package hyperref Info: Option `bookmarksopen' set `true' on input line 4062.
Package hyperref Info: Option `pdffitwindow' set `true' on input line 4062.
Package hyperref Info: Option `colorlinks' set `true' on input line 4062.
Package hyperref Info: Option `hyperfootnotes' set `true' on input line 4062.
Package hyperref Info: Hyper figures OFF on input line 4179.
Package hyperref Info: Link nesting OFF on input line 4184.
Package hyperref Info: Hyper index ON on input line 4187.
Package hyperref Info: Plain pages OFF on input line 4194.
Package hyperref Info: Backreferencing OFF on input line 4199.
Package hyperref Info: Implicit mode ON; LaTeX internals redefined.
Package hyperref Info: Bookmarks ON on input line 4446.
\c@Hy@tempcnt=\count383
 (/usr/share/texlive/texmf-dist/tex/latex/url/url.sty
\Urlmuskip=\muskip18
Package: url 2013/09/16  ver 3.4  Verb mode for urls, etc.
)
LaTeX Info: Redefining \url on input line 4784.
\XeTeXLinkMargin=\dimen335
 (/usr/share/texlive/texmf-dist/tex/generic/bitset/bitset.sty
Package: bitset 2019/12/09 v1.3 Handle bit-vector datatype (HO)
 (/usr/share/texlive/texmf-dist/tex/generic/bigintcalc/bigintcalc.sty
Package: bigintcalc 2019/12/15 v1.5 Expandable calculations on big integers (HO)
))
\Fld@menulength=\count384
\Field@Width=\dimen336
\Fld@charsize=\dimen337
Package hyperref Info: Hyper figures OFF on input line 6063.
Package hyperref Info: Link nesting OFF on input line 6068.
Package hyperref Info: Hyper index ON on input line 6071.
Package hyperref Info: backreferencing OFF on input line 6078.
Package hyperref Info: Link coloring ON on input line 6081.
Package hyperref Info: Link coloring with OCG OFF on input line 6088.
Package hyperref Info: PDF/A mode OFF on input line 6093.
 (/usr/share/texlive/texmf-dist/tex/latex/base/atbegshi-ltx.sty
Package: atbegshi-ltx 2021/01/10 v1.0c Emulation of the original atbegshi
package with kernel methods
)
\Hy@abspage=\count385
\c@Item=\count386
\c@Hfootnote=\count387
)
Package hyperref Info: Driver: hpdftex.
 (/usr/share/texlive/texmf-dist/tex/latex/hyperref/hpdftex.def
File: hpdftex.def 2024-01-20 v7.01h Hyperref driver for pdfTeX
 (/usr/share/texlive/texmf-dist/tex/latex/base/atveryend-ltx.sty
Package: atveryend-ltx 2020/08/19 v1.0a Emulation of the original atveryend package
with kernel methods
)
Package hyperref Info: \pdfmajorversion.\pdfminorversion:=1.7 on input line 205.
\Fld@listcount=\count388
\c@bookmark@seq@number=\count389
 (/usr/share/texlive/texmf-dist/tex/latex/rerunfilecheck/rerunfilecheck.sty
Package: rerunfilecheck 2022-07-10 v1.10 Rerun checks for auxiliary files (HO)
 (/usr/share/texlive/texmf-dist/tex/generic/uniquecounter/uniquecounter.sty
Package: uniquecounter 2019/12/15 v1.4 Provide unlimited unique counter (HO)
)
Package uniquecounter Info: New unique counter `rerunfilecheck' on input line 285.
)
\Hy@SectionHShift=\skip197
) (/usr/share/texlive/texmf-dist/tex/latex/cleveref/cleveref.sty
Package: cleveref 2018/03/27 v0.21.4 Intelligent cross-referencing
Package cleveref Info: `hyperref' support loaded on input line 2370.
LaTeX Info: Redefining \cref on input line 2370.
LaTeX Info: Redefining \Cref on input line 2370.
LaTeX Info: Redefining \crefrange on input line 2370.
LaTeX Info: Redefining \Crefrange on input line 2370.
LaTeX Info: Redefining \cpageref on input line 2370.
LaTeX Info: Redefining \Cpageref on input line 2370.
LaTeX Info: Redefining \cpagerefrange on input line 2370.
LaTeX Info: Redefining \Cpagerefrange on input line 2370.
LaTeX Info: Redefining \labelcref on input line 2370.
LaTeX Info: Redefining \labelcpageref on input line 2370.
Package cleveref Info: `amsthm' support loaded on input line 3026.
Package cleveref Info: `subfig' support loaded on input line 3164.
Package cleveref Info: always capitalise cross-reference names on input line 7825.
Package cleveref Info: always capitalise cross-reference names on input line 7852.
Package cleveref Info: no abbreviation of names on input line 7852.
)
LaTeX Font Info:    Trying to load font information for T1+ppl on input line 81.
 (/usr/share/texlive/texmf-dist/tex/latex/psnfss/t1ppl.fd
File: t1ppl.fd 2001/06/04 font definitions for T1/ppl.
) (./alpha137.aux)
\openout1 = `alpha137.aux'.

LaTeX Font Info:    Checking defaults for OML/cmm/m/it on input line 81.
LaTeX Font Info:    ... okay on input line 81.
LaTeX Font Info:    Checking defaults for OMS/cmsy/m/n on input line 81.
LaTeX Font Info:    ... okay on input line 81.
LaTeX Font Info:    Checking defaults for OT1/cmr/m/n on input line 81.
LaTeX Font Info:    ... okay on input line 81.
LaTeX Font Info:    Checking defaults for T1/cmr/m/n on input line 81.
LaTeX Font Info:    ... okay on input line 81.
LaTeX Font Info:    Checking defaults for TS1/cmr/m/n on input line 81.
LaTeX Font Info:    ... okay on input line 81.
LaTeX Font Info:    Checking defaults for OMX/cmex/m/n on input line 81.
LaTeX Font Info:    ... okay on input line 81.
LaTeX Font Info:    Checking defaults for U/cmr/m/n on input line 81.
LaTeX Font Info:    ... okay on input line 81.
LaTeX Font Info:    Checking defaults for LUC/nanummj/m/n on input line 81.
LaTeX Font Info:    Trying to load font information for LUC+nanummj on input line 81.
 (/usr/share/texlive/texmf-dist/tex/latex/nanumtype1/lucnanummj.fd
File: lucnanummj.fd 2013/02/12 v0.1 Nanum Myeongjo font definitions
)
LaTeX Font Info:    ... okay on input line 81.
LaTeX Font Info:    Checking defaults for PD1/pdf/m/n on input line 81.
LaTeX Font Info:    ... okay on input line 81.
LaTeX Font Info:    Checking defaults for PU/pdf/m/n on input line 81.
LaTeX Font Info:    ... okay on input line 81.
 (/usr/share/texlive/texmf-dist/tex/context/base/mkii/supp-pdf.mkii
[Loading MPS to PDF converter (version 2006.09.02).]
\scratchcounter=\count390
\scratchdimen=\dimen338
\scratchbox=\box77
\nofMPsegments=\count391
\nofMParguments=\count392
\everyMPshowfont=\toks63
\MPscratchCnt=\count393
\MPscratchDim=\dimen339
\MPnumerator=\count394
\makeMPintoPDFobject=\count395
\everyMPtoPDFconversion=\toks64
)

Package microtype Warning: Command \pickup@font is not defined as expected.
(microtype)                Patching it anyway. Some things may break.
(microtype)                Double-check whether micro-typography is indeed
(microtype)                applied to the document.
(microtype)                (Hint: Turn on `verbose' mode).

LaTeX Info: Redefining \microtypecontext on input line 81.
Package microtype Info: Applying patch `item' on input line 81.
Package microtype Info: Applying patch `toc' on input line 81.
Package microtype Info: Applying patch `eqnum' on input line 81.
Package microtype Info: Applying patch `footnote' on input line 81.
Package microtype Info: Applying patch `verbatim' on input line 81.
Package microtype Info: Generating PDF output.
Package microtype Info: Character protrusion enabled (level 2).
Package microtype Info: Using default protrusion set `alltext'.
Package microtype Info: Automatic font expansion enabled (level 2),
(microtype)             stretch: 20, shrink: 20, step: 1, non-selected.
Package microtype Info: Using default expansion set `alltext-nott'.
LaTeX Info: Redefining \showhyphens on input line 81.
Package microtype Info: No adjustment of tracking.
Package microtype Info: No adjustment of interword spacing.
Package microtype Info: No adjustment of character kerning.
(/usr/share/texlive/texmf-dist/tex/latex/microtype/mt-ppl.cfg
File: mt-ppl.cfg 2005/11/16 v1.6 microtype config. file: Palatino (RS)
) (/usr/share/texlive/texmf-dist/tex/latex/translations/translations-basic-dictionary-english.trsl
File: translations-basic-dictionary-english.trsl (english translation file `translations-basic-dictionary')
)
Package translations Info: loading dictionary `translations-basic-dictionary' for `english'. on input line 81.
Package caption Info: Begin \AtBeginDocument code.
Package caption Info: subfig package v1.3 is loaded.
Package caption Info: hyperref package is loaded.
Package caption Info: scrextend package is loaded.
\caption@addmargin@hsize=\dimen340
\caption@addmargin@linewidth=\dimen341
Package caption Info: End \AtBeginDocument code.

*geometry* detected driver: pdftex
*geometry* verbose mode - [ preamble ] result:
* driver: pdftex
* paper: <default>
* layout: <same size as paper>
* layoutoffset:(h,v)=(0.0pt,0.0pt)
* modes: includehead includefoot 
* h-part:(L,W,R)=(167.01753pt, 394.35522pt, 36.13512pt)
* v-part:(T,H,B)=(36.13512pt, 778.18271pt, 30.72902pt)
* \paperwidth=597.50787pt
* \paperheight=845.04684pt
* \textwidth=394.35522pt
* \textheight=706.18271pt
* \oddsidemargin=94.74754pt
* \evensidemargin=94.74754pt
* \topmargin=-36.13487pt
* \headheight=12.0pt
* \headsep=24.0pt
* \topskip=10.0pt
* \footskip=36.0pt
* \marginparwidth=116.65646pt
* \marginparsep=14.51074pt
* \columnsep=10.0pt
* \skip\footins=17.07182pt
* \hoffset=0.0pt
* \voffset=0.0pt
* \mag=1000
* \@twocolumnfalse
* \@twosidefalse
* \@mparswitchfalse
* \@reversemargintrue
* (1in=72.27pt=25.4mm, 1cm=28.453pt)

Package newfloat Info: `float' package detected.
Package hyperref Info: Link coloring ON on input line 81.
(./alpha137.out) (./alpha137.out)
\@outlinefile=\write4
\openout4 = `alpha137.out'.

LaTeX Font Info:    Trying to load font information for TS1+ppl on input line 81.
 (/usr/share/texlive/texmf-dist/tex/latex/psnfss/ts1ppl.fd
File: ts1ppl.fd 2001/06/04 font definitions for TS1/ppl.
)
LaTeX Font Info:    Trying to load font information for OT1+ppl on input line 81.
 (/usr/share/texlive/texmf-dist/tex/latex/psnfss/ot1ppl.fd
File: ot1ppl.fd 2001/06/04 font definitions for OT1/ppl.
)
LaTeX Font Info:    Trying to load font information for OML+zplm on input line 81.
 (/usr/share/texlive/texmf-dist/tex/latex/psnfss/omlzplm.fd
File: omlzplm.fd 2002/09/08 Fontinst v1.914 font definitions for OML/zplm.
)
LaTeX Font Info:    Trying to load font information for OMS+zplm on input line 81.
 (/usr/share/texlive/texmf-dist/tex/latex/psnfss/omszplm.fd
File: omszplm.fd 2002/09/08 Fontinst v1.914 font definitions for OMS/zplm.
)
LaTeX Font Info:    Trying to load font information for OMX+zplm on input line 81.
 (/usr/share/texlive/texmf-dist/tex/latex/psnfss/omxzplm.fd
File: omxzplm.fd 2002/09/08 Fontinst v1.914 font definitions for OMX/zplm.
)
LaTeX Font Info:    Font shape `U/msa/m/n' will be
(Font)              scaled to size 10.42007pt on input line 81.
 (/usr/share/texlive/texmf-dist/tex/latex/microtype/mt-msa.cfg
File: mt-msa.cfg 2006/02/04 v1.1 microtype config. file: AMS symbols (a) (RS)
)
LaTeX Font Info:    Font shape `U/msa/m/n' will be
(Font)              scaled to size 7.91925pt on input line 81.
LaTeX Font Info:    Font shape `U/msa/m/n' will be
(Font)              scaled to size 6.25204pt on input line 81.
LaTeX Font Info:    Font shape `U/msb/m/n' will be
(Font)              scaled to size 10.42007pt on input line 81.
 (/usr/share/texlive/texmf-dist/tex/latex/microtype/mt-msb.cfg
File: mt-msb.cfg 2005/06/01 v1.0 microtype config. file: AMS symbols (b) (RS)
)
LaTeX Font Info:    Font shape `U/msb/m/n' will be
(Font)              scaled to size 7.91925pt on input line 81.
LaTeX Font Info:    Font shape `U/msb/m/n' will be
(Font)              scaled to size 6.25204pt on input line 81.
LaTeX Font Info:    Trying to load font information for OT1+zplm on input line 81.
 (/usr/share/texlive/texmf-dist/tex/latex/psnfss/ot1zplm.fd
File: ot1zplm.fd 2002/09/08 Fontinst v1.914 font definitions for OT1/zplm.
)
Package microtype Info: Loading generic protrusion settings for font family
(microtype)             `zplm' (encoding: OT1).
(microtype)             For optimal results, create family-specific settings.
(microtype)             See the microtype manual for details.
 (/usr/share/texlive/texmf-dist/tex/latex/microtype/mt-eur.cfg
File: mt-eur.cfg 2006/07/31 v1.1 microtype config. file: AMS Euler Roman (RS)
)
LaTeX Font Info:    Redeclaring symbol font `AMSb' on input line 81.
LaTeX Font Info:    Overwriting symbol font `AMSb' in version `normal'
(Font)                  U/msb/m/n --> U/msb/m/n on input line 81.
LaTeX Font Info:    Overwriting symbol font `AMSb' in version `bold'
(Font)                  U/msb/m/n --> U/msb/m/n on input line 81.


Package hyperref Warning: Token not allowed in a PDF string (Unicode):
(hyperref)                removing `math shift' on input line 81.


Package hyperref Warning: Token not allowed in a PDF string (Unicode):
(hyperref)                removing `math shift' on input line 81.


Package hyperref Warning: Token not allowed in a PDF string (Unicode):
(hyperref)                removing `\begingroup' on input line 81.


Package hyperref Warning: Token not allowed in a PDF string (Unicode):
(hyperref)                removing `\<let>-command' on input line 81.


Package hyperref Warning: Token not allowed in a PDF string (Unicode):
(hyperref)                removing `\NAT@ctype' on input line 81.


Package hyperref Warning: Token not allowed in a PDF string (Unicode):
(hyperref)                removing `\z@' on input line 81.


Package hyperref Warning: Token not allowed in a PDF string (Unicode):
(hyperref)                removing `\let' on input line 81.


Package hyperref Warning: Token not allowed in a PDF string (Unicode):
(hyperref)                removing `\let' on input line 81.


Package hyperref Warning: Token not allowed in a PDF string (Unicode):
(hyperref)                removing `\new@ifnextchar' on input line 81.


Package hyperref Warning: Token not allowed in a PDF string (Unicode):
(hyperref)                removing `math shift' on input line 81.


Package hyperref Warning: Token not allowed in a PDF string (Unicode):
(hyperref)                removing `math shift' on input line 81.


Package hyperref Warning: Token not allowed in a PDF string (Unicode):
(hyperref)                removing `math shift' on input line 81.


Package hyperref Warning: Token not allowed in a PDF string (Unicode):
(hyperref)                removing `math shift' on input line 81.


Package hyperref Warning: Token not allowed in a PDF string (Unicode):
(hyperref)                removing `math shift' on input line 81.


Package hyperref Warning: Token not allowed in a PDF string (Unicode):
(hyperref)                removing `math shift' on input line 81.


Package hyperref Warning: Token not allowed in a PDF string (Unicode):
(hyperref)                removing `math shift' on input line 81.


Package hyperref Warning: Token not allowed in a PDF string (Unicode):
(hyperref)                removing `\alpha' on input line 81.


Package hyperref Warning: Token not allowed in a PDF string (Unicode):
(hyperref)                removing `\leavevmode@ifvmode' on input line 81.


Package hyperref Warning: Token not allowed in a PDF string (Unicode):
(hyperref)                \kern 1.66702pt
(hyperref)                removed on input line 81.


Package hyperref Warning: Token not allowed in a PDF string (Unicode):
(hyperref)                removing `math shift' on input line 81.


Package hyperref Warning: Token not allowed in a PDF string (Unicode):
(hyperref)                removing `math shift' on input line 81.


Package hyperref Warning: Token not allowed in a PDF string (Unicode):
(hyperref)                removing `\times' on input line 81.


Package hyperref Warning: Token not allowed in a PDF string (Unicode):
(hyperref)                removing `superscript' on input line 81.


Package hyperref Warning: Token not allowed in a PDF string (Unicode):
(hyperref)                removing `math shift' on input line 81.


Package hyperref Warning: Token not allowed in a PDF string (Unicode):
(hyperref)                removing `math shift' on input line 81.


Package hyperref Warning: Token not allowed in a PDF string (Unicode):
(hyperref)                removing `\sin' on input line 81.


Package hyperref Warning: Token not allowed in a PDF string (Unicode):
(hyperref)                removing `superscript' on input line 81.


Package hyperref Warning: Token not allowed in a PDF string (Unicode):
(hyperref)                removing `\theta' on input line 81.


Package hyperref Warning: Token not allowed in a PDF string (Unicode):
(hyperref)                removing `subscript' on input line 81.


Package hyperref Warning: Token not allowed in a PDF string (Unicode):
(hyperref)                removing `math shift' on input line 81.


Package hyperref Warning: Token not allowed in a PDF string (Unicode):
(hyperref)                removing `math shift' on input line 81.


Package hyperref Warning: Token not allowed in a PDF string (Unicode):
(hyperref)                removing `\times' on input line 81.


Package hyperref Warning: Token not allowed in a PDF string (Unicode):
(hyperref)                removing `superscript' on input line 81.


Package hyperref Warning: Token not allowed in a PDF string (Unicode):
(hyperref)                removing `math shift' on input line 81.


Package hyperref Warning: Token not allowed in a PDF string (Unicode):
(hyperref)                removing `math shift' on input line 81.


Package hyperref Warning: Token not allowed in a PDF string (Unicode):
(hyperref)                removing `\eta' on input line 81.


Package hyperref Warning: Token not allowed in a PDF string (Unicode):
(hyperref)                removing `subscript' on input line 81.


Package hyperref Warning: Token not allowed in a PDF string (Unicode):
(hyperref)                removing `\times' on input line 81.


Package hyperref Warning: Token not allowed in a PDF string (Unicode):
(hyperref)                removing `superscript' on input line 81.


Package hyperref Warning: Token not allowed in a PDF string (Unicode):
(hyperref)                removing `math shift' on input line 81.


Package hyperref Warning: Token not allowed in a PDF string (Unicode):
(hyperref)                removing `math shift' on input line 81.


Package hyperref Warning: Token not allowed in a PDF string (Unicode):
(hyperref)                removing `\sigma' on input line 81.


Package hyperref Warning: Token not allowed in a PDF string (Unicode):
(hyperref)                removing `math shift' on input line 81.


Package hyperref Warning: Token not allowed in a PDF string (Unicode):
(hyperref)                removing `math shift' on input line 81.


Package hyperref Warning: Token not allowed in a PDF string (Unicode):
(hyperref)                removing `math shift' on input line 81.


Package hyperref Warning: Token not allowed in a PDF string (Unicode):
(hyperref)                removing `math shift' on input line 81.


Package hyperref Warning: Token not allowed in a PDF string (Unicode):
(hyperref)                removing `math shift' on input line 81.


Package hyperref Warning: Token not allowed in a PDF string (Unicode):
(hyperref)                removing `\begingroup' on input line 81.


Package hyperref Warning: Token not allowed in a PDF string (Unicode):
(hyperref)                removing `\<let>-command' on input line 81.


Package hyperref Warning: Token not allowed in a PDF string (Unicode):
(hyperref)                removing `\NAT@ctype' on input line 81.


Package hyperref Warning: Token not allowed in a PDF string (Unicode):
(hyperref)                removing `\z@' on input line 81.


Package hyperref Warning: Token not allowed in a PDF string (Unicode):
(hyperref)                removing `\let' on input line 81.


Package hyperref Warning: Token not allowed in a PDF string (Unicode):
(hyperref)                removing `\let' on input line 81.


Package hyperref Warning: Token not allowed in a PDF string (Unicode):
(hyperref)                removing `\new@ifnextchar' on input line 81.


Package hyperref Warning: Token not allowed in a PDF string (Unicode):
(hyperref)                removing `math shift' on input line 81.


Package hyperref Warning: Token not allowed in a PDF string (Unicode):
(hyperref)                removing `superscript' on input line 81.


Package hyperref Warning: Token not allowed in a PDF string (Unicode):
(hyperref)                removing `\dim' on input line 81.


Package hyperref Warning: Token not allowed in a PDF string (Unicode):
(hyperref)                removing `math shift' on input line 81.


Package hyperref Warning: Token not allowed in a PDF string (Unicode):
(hyperref)                removing `math shift' on input line 81.


Package hyperref Warning: Token not allowed in a PDF string (Unicode):
(hyperref)                removing `\beta' on input line 81.


Package hyperref Warning: Token not allowed in a PDF string (Unicode):
(hyperref)                removing `math shift' on input line 81.


Package hyperref Warning: Token not allowed in a PDF string (Unicode):
(hyperref)                removing `math shift' on input line 81.


Package hyperref Warning: Token not allowed in a PDF string (Unicode):
(hyperref)                removing `\alpha' on input line 81.


Package hyperref Warning: Token not allowed in a PDF string (Unicode):
(hyperref)                removing `subscript' on input line 81.


Package hyperref Warning: Token not allowed in a PDF string (Unicode):
(hyperref)                removing `math shift' on input line 81.


Package hyperref Warning: Token not allowed in a PDF string (Unicode):
(hyperref)                removing `math shift' on input line 81.


Package hyperref Warning: Token not allowed in a PDF string (Unicode):
(hyperref)                removing `superscript' on input line 81.


Package hyperref Warning: Token not allowed in a PDF string (Unicode):
(hyperref)                removing `math shift' on input line 81.

Package marginnote Info: Margin note 1.1 is on absolute page 1 on input line 81.
Package marginnote Info: right page because not two side mode on input line 81.
Package marginnote Info: xpos seems to be 167.01753pt on input line 81.
LaTeX Font Info:    Font shape `LUC/nanummj/b/n' in size <18> not available
(Font)              Font shape `LUC/nanummj/bx/n' tried instead on input line 81.
LaTeX Font Info:    Calculating math sizes for size <18> on input line 81.
LaTeX Font Info:    Font shape `U/msa/m/n' will be
(Font)              scaled to size 18.75613pt on input line 81.
LaTeX Font Info:    Font shape `U/msa/m/n' will be
(Font)              scaled to size 14.25455pt on input line 81.
LaTeX Font Info:    Font shape `U/msa/m/n' will be
(Font)              scaled to size 11.25378pt on input line 81.
LaTeX Font Info:    Font shape `U/msb/m/n' will be
(Font)              scaled to size 18.75613pt on input line 81.
LaTeX Font Info:    Font shape `U/msb/m/n' will be
(Font)              scaled to size 14.25455pt on input line 81.
LaTeX Font Info:    Font shape `U/msb/m/n' will be
(Font)              scaled to size 11.25378pt on input line 81.
LaTeX Font Info:    Font shape `LUC/nanummj/b/n' in size <10> not available
(Font)              Font shape `LUC/nanummj/bx/n' tried instead on input line 81.
<Definitions/logo-orcid.pdf, id=231, 102.3825pt x 102.3825pt>
File: Definitions/logo-orcid.pdf Graphic file (type pdf)
<use Definitions/logo-orcid.pdf>
Package pdftex.def Info: Definitions/logo-orcid.pdf  used on input line 81.
(pdftex.def)             Requested size: 9.10509pt x 9.10466pt.
LaTeX Font Info:    Font shape `LUC/nanummj/m/it' in size <10> not available
(Font)              Font shape `LUC/nanummj/m/sl' tried instead on input line 81.
LaTeX Font Info:    Trying to load font information for T1+cmss on input line 81.
(/usr/share/texlive/texmf-dist/tex/latex/base/t1cmss.fd
File: t1cmss.fd 2023/04/13 v2.5m Standard LaTeX font definitions
)
Package microtype Info: Loading generic protrusion settings for font family
(microtype)             `cmss' (encoding: T1).
(microtype)             For optimal results, create family-specific settings.
(microtype)             See the microtype manual for details.
LaTeX Font Info:    Font shape `LUC/nanummj/b/n' in size <12> not available
(Font)              Font shape `LUC/nanummj/bx/n' tried instead on input line 84.
 [1

{/var/lib/texmf/fonts/map/pdftex/updmap/pdftex.map}{/usr/share/texlive/texmf-dist/fonts/enc/dvips/base/8r.enc}{/usr/share/texmf/fonts/enc/dvips/cm-super/cm-super-t1.enc} <./Definitions/logo-orcid.pdf>] [2] [3]
LaTeX Info: Symbol \textrightarrow not provided by
            font family ppl in TS1 encoding.
            Default family used instead on input line 186.
 (/usr/share/texlive/texmf-dist/tex/latex/microtype/mt-cmr.cfg
File: mt-cmr.cfg 2013/05/19 v2.2 microtype config. file: Computer Modern Roman (RS)
) [4{/usr/share/texmf/fonts/enc/dvips/cm-super/cm-super-ts1.enc}] [5]
LaTeX Info: Symbol \textrightarrow not provided by
            font family ppl in TS1 encoding.
            Default family used instead on input line 287.
LaTeX Info: Symbol \textrightarrow not provided by
            font family ppl in TS1 encoding.
            Default family used instead on input line 287.
 [6] [7]
Overfull \hbox (14.39223pt too wide) in paragraph at lines 367--368
\LUC/nanummj/m/n/10/bc ° \LUC/nanummj/m/n/10/b1 |\LUC/nanummj/m/n/10/bb 8\LUC/nanummj/m/n/10/c5 ą\LUC/nanummj/m/n/10/c1 ^^\ \LUC/nanummj/m/n/10/bc ^^X§ \LUC/nanummj/m/n/10/cc 8\LUC/nanummj/m/n/10/c8 p\LUC/nanummj/m/n/10/b4 ^^X\LUC/nanummj/m/n/10/b2 ö \T1/ppl/m/n/10 (-20) ``\LUC/nanummj/m/n/10/c6 D\LUC/nanummj/m/n/10/c8 ^^D \LUC/nanummj/m/n/10/cc ┤\LUC/nanummj/m/n/10/ac ─ §\LUC/nanummj/m/n/10/b9 ¼ \T1/ppl/m/n/10 (-20) 3'' [[]]\LUC/nanummj/m/n/10/c7 @ \T1/ppl/m/it/10 (-20) DATA(\LUC/nanummj/m/sl/10 Ó\LUC/nanummj/m/sl/10 ^^D \LUC/nanummj/m/sl/10 ^^D\LUC/nanummj/m/sl/10 8\T1/ppl/m/it/10 (-20) )\LUC/nanummj/m/sl/10 ö \LUC/nanummj/m/sl/10 t\LUC/nanummj/m/sl/10 ░\LUC/nanummj/m/sl/10 t\LUC/nanummj/m/sl/10 Ó \T1/ppl/m/it/10 (-20) OPERATOR(\LUC/nanummj/m/sl/10 æ
 []

[8]
Underfull \hbox (badness 10000) in paragraph at lines 461--463
[][]
 []

[9]

LaTeX Font Warning: Font shape `LUC/nanummj/b/it' undefined
(Font)              using `LUC/nanummj/b/n' instead on input line 484.

LaTeX Font Info:    Font shape `LUC/nanummj/m/it' in size <9> not available
(Font)              Font shape `LUC/nanummj/m/sl' tried instead on input line 486.
[10] [11] [12] [13]
LaTeX Font Info:    Font shape `U/msa/m/n' will be
(Font)              scaled to size 12.50409pt on input line 638.
LaTeX Font Info:    Font shape `U/msb/m/n' will be
(Font)              scaled to size 12.50409pt on input line 638.


Package hyperref Warning: Token not allowed in a PDF string (Unicode):
(hyperref)                removing `math shift' on input line 638.


Package hyperref Warning: Token not allowed in a PDF string (Unicode):
(hyperref)                removing `\alpha' on input line 638.


Package hyperref Warning: Token not allowed in a PDF string (Unicode):
(hyperref)                removing `math shift' on input line 638.

[14]

Package hyperref Warning: Token not allowed in a PDF string (Unicode):
(hyperref)                removing `math shift' on input line 649.


Package hyperref Warning: Token not allowed in a PDF string (Unicode):
(hyperref)                removing `subscript' on input line 649.


Package hyperref Warning: Token not allowed in a PDF string (Unicode):
(hyperref)                removing `math shift' on input line 649.

[15]
Underfull \hbox (badness 10000) in paragraph at lines 717--719
[][]
 []


Package hyperref Warning: Token not allowed in a PDF string (Unicode):
(hyperref)                removing `math shift' on input line 722.


Package hyperref Warning: Token not allowed in a PDF string (Unicode):
(hyperref)                removing `\pi' on input line 722.


Package hyperref Warning: Token not allowed in a PDF string (Unicode):
(hyperref)                removing `superscript' on input line 722.


Package hyperref Warning: Token not allowed in a PDF string (Unicode):
(hyperref)                removing `math shift' on input line 722.

[16]
LaTeX Info: Symbol \textrightarrow not provided by
            font family ppl in TS1 encoding.
            Default family used instead on input line 752.


Package hyperref Warning: Token not allowed in a PDF string (Unicode):
(hyperref)                removing `math shift' on input line 756.


Package hyperref Warning: Token not allowed in a PDF string (Unicode):
(hyperref)                removing `\cdot' on input line 756.


Package hyperref Warning: Token not allowed in a PDF string (Unicode):
(hyperref)                removing `superscript' on input line 756.


Package hyperref Warning: Token not allowed in a PDF string (Unicode):
(hyperref)                removing `math shift' on input line 756.

[17]
LaTeX Font Info:    Trying to load font information for LUC+uhcmj on input line 810.
 (/usr/share/texlive/texmf-dist/tex/latex/kotex-utf/lucuhcmj.fd
File: lucuhcmj.fd 2013/09/26 UHC Myeongjo font definitions
) [18]
LaTeX Info: Symbol \textrightarrow not provided by
            font family ppl in TS1 encoding.
            Default family used instead on input line 846.
LaTeX Info: Symbol \textrightarrow not provided by
            font family ppl in TS1 encoding.
            Default family used instead on input line 846.
LaTeX Info: Symbol \textrightarrow not provided by
            font family ppl in TS1 encoding.
            Default family used instead on input line 846.
 [19] [20]

Package hyperref Warning: Token not allowed in a PDF string (Unicode):
(hyperref)                removing `math shift' on input line 893.


Package hyperref Warning: Token not allowed in a PDF string (Unicode):
(hyperref)                removing `subscript' on input line 893.


Package hyperref Warning: Token not allowed in a PDF string (Unicode):
(hyperref)                removing `math shift' on input line 893.


Package hyperref Warning: Token not allowed in a PDF string (Unicode):
(hyperref)                removing `\begingroup' on input line 893.


Package hyperref Warning: Token not allowed in a PDF string (Unicode):
(hyperref)                removing `\<let>-command' on input line 893.


Package hyperref Warning: Token not allowed in a PDF string (Unicode):
(hyperref)                removing `\NAT@ctype' on input line 893.


Package hyperref Warning: Token not allowed in a PDF string (Unicode):
(hyperref)                removing `\z@' on input line 893.


Package hyperref Warning: Token not allowed in a PDF string (Unicode):
(hyperref)                removing `\let' on input line 893.


Package hyperref Warning: Token not allowed in a PDF string (Unicode):
(hyperref)                removing `\let' on input line 893.


Package hyperref Warning: Token not allowed in a PDF string (Unicode):
(hyperref)                removing `\new@ifnextchar' on input line 893.


Package hyperref Warning: Token not allowed in a PDF string (Unicode):
(hyperref)                removing `math shift' on input line 897.


Package hyperref Warning: Token not allowed in a PDF string (Unicode):
(hyperref)                removing `math shift' on input line 897.


Package hyperref Warning: Token not allowed in a PDF string (Unicode):
(hyperref)                removing `\begingroup' on input line 897.


Package hyperref Warning: Token not allowed in a PDF string (Unicode):
(hyperref)                removing `\<let>-command' on input line 897.


Package hyperref Warning: Token not allowed in a PDF string (Unicode):
(hyperref)                removing `\NAT@ctype' on input line 897.


Package hyperref Warning: Token not allowed in a PDF string (Unicode):
(hyperref)                removing `\z@' on input line 897.


Package hyperref Warning: Token not allowed in a PDF string (Unicode):
(hyperref)                removing `\let' on input line 897.


Package hyperref Warning: Token not allowed in a PDF string (Unicode):
(hyperref)                removing `\let' on input line 897.


Package hyperref Warning: Token not allowed in a PDF string (Unicode):
(hyperref)                removing `\new@ifnextchar' on input line 897.


Package hyperref Warning: Token not allowed in a PDF string (Unicode):
(hyperref)                removing `\begingroup' on input line 901.


Package hyperref Warning: Token not allowed in a PDF string (Unicode):
(hyperref)                removing `\<let>-command' on input line 901.


Package hyperref Warning: Token not allowed in a PDF string (Unicode):
(hyperref)                removing `\NAT@ctype' on input line 901.


Package hyperref Warning: Token not allowed in a PDF string (Unicode):
(hyperref)                removing `\z@' on input line 901.


Package hyperref Warning: Token not allowed in a PDF string (Unicode):
(hyperref)                removing `\let' on input line 901.


Package hyperref Warning: Token not allowed in a PDF string (Unicode):
(hyperref)                removing `\let' on input line 901.


Package hyperref Warning: Token not allowed in a PDF string (Unicode):
(hyperref)                removing `\new@ifnextchar' on input line 901.

[21]

Package hyperref Warning: Token not allowed in a PDF string (Unicode):
(hyperref)                removing `math shift' on input line 944.


Package hyperref Warning: Token not allowed in a PDF string (Unicode):
(hyperref)                removing `\eta' on input line 944.


Package hyperref Warning: Token not allowed in a PDF string (Unicode):
(hyperref)                removing `subscript' on input line 944.


Package hyperref Warning: Token not allowed in a PDF string (Unicode):
(hyperref)                removing `math shift' on input line 944.

[22] [23]
LaTeX Font Info:    Trying to load font information for T1+cmtt on input line 1011.
 (/usr/share/texlive/texmf-dist/tex/latex/base/t1cmtt.fd
File: t1cmtt.fd 2023/04/13 v2.5m Standard LaTeX font definitions
)
Package microtype Info: Loading generic protrusion settings for font family
(microtype)             `cmtt' (encoding: T1).
(microtype)             For optimal results, create family-specific settings.
(microtype)             See the microtype manual for details.
 [24] [25]
Underfull \hbox (badness 1406) in paragraph at lines 1070--1070
[]|\T1/ppl/m/n/9 (+20) Forward chain
 []


Underfull \hbox (badness 10000) in paragraph at lines 1070--1070
[]|\T1/ppl/m/n/9 (+20) post-dictive
 []


Underfull \hbox (badness 10000) in paragraph at lines 1071--1071
[]|\T1/ppl/m/n/9 (+20) post-dictive
 []


Underfull \hbox (badness 1584) in paragraph at lines 1072--1072
[]|\LUC/nanummj/m/n/9/ac §\LUC/nanummj/m/n/9/b9 ¼ \LUC/nanummj/m/n/9/b0 ┤\LUC/nanummj/m/n/9/c8 ^^A \LUC/nanummj/m/n/9/c1 ^^\\LUC/nanummj/m/n/9/c2  
 []

[26]

Package hyperref Warning: Token not allowed in a PDF string (Unicode):
(hyperref)                removing `math shift' on input line 1091.


Package hyperref Warning: Token not allowed in a PDF string (Unicode):
(hyperref)                removing `\alpha' on input line 1091.


Package hyperref Warning: Token not allowed in a PDF string (Unicode):
(hyperref)                removing `math shift' on input line 1091.


Package hyperref Warning: Token not allowed in a PDF string (Unicode):
(hyperref)                removing `math shift' on input line 1107.


Package hyperref Warning: Token not allowed in a PDF string (Unicode):
(hyperref)                removing `math shift' on input line 1107.

[27]
LaTeX Info: Symbol \textrightarrow not provided by
            font family ppl in TS1 encoding.
            Default family used instead on input line 1132.
LaTeX Info: Symbol \textrightarrow not provided by
            font family ppl in TS1 encoding.
            Default family used instead on input line 1132.
LaTeX Info: Symbol \textrightarrow not provided by
            font family ppl in TS1 encoding.
            Default family used instead on input line 1132.
 [28]
Overfull \hbox (26.16168pt too wide) in paragraph at lines 1142--1143
[]\LUC/nanummj/m/sl/10 ^^X\LUC/nanummj/m/sl/10 4 \LUC/nanummj/m/sl/10 |\LUC/nanummj/m/sl/10 Ø\LUC/nanummj/m/sl/10 X \LUC/nanummj/m/sl/10 └\LUC/nanummj/m/sl/10 ^^D\LUC/nanummj/m/sl/10 ą \LUC/nanummj/m/sl/10 ^^@\LUC/nanummj/m/sl/10 \ \LUC/nanummj/m/sl/10 ³\T1/ppl/m/it/10 (-20) . \LUC/nanummj/m/n/10/bc ° \LUC/nanummj/m/n/10/c2 ^^X\LUC/nanummj/m/n/10/b8 4 \LUC/nanummj/m/n/10/b1 |\LUC/nanummj/m/n/10/c9 Ø\LUC/nanummj/m/n/10/c7 X \LUC/nanummj/m/n/10/ac ^^A \LUC/nanummj/m/n/10/b2 Ķ\LUC/nanummj/m/n/10/ac ─\T1/ppl/m/n/10 (-20) ---2\LUC/nanummj/m/n/10/cd Ģ \\LUC/nanummj/m/n/10/c1 ī\T1/ppl/m/n/10 (-20) , \LUC/nanummj/m/n/10/c7 t\LUC/nanummj/m/n/10/c9 ─ \LUC/nanummj/m/n/10/c6 ą\LUC/nanummj/m/n/10/c7 É\LUC/nanummj/m/n/10/c1 1\T1/ppl/m/n/10 (-20) , DATA/OPERATOR
 []

LaTeX Info: Symbol \textrightarrow not provided by
            font family ppl in TS1 encoding.
            Default family used instead on input line 1150.
[29]
Underfull \hbox (badness 10000) in paragraph at lines 1235--1237
[][]
 []


Overfull \hbox (1.34193pt too wide) in paragraph at lines 1242--1244
[]$\OML/zplm/m/it/10 $ \LUC/nanummj/m/sl/10 ^^U\LUC/nanummj/m/sl/10 ^^@\LUC/nanummj/m/sl/10 ─ $\OT1/zplm/m/n/10 ^^A$ \LUC/nanummj/m/sl/10 ┴\LUC/nanummj/m/sl/10 8 \LUC/nanummj/m/sl/10 ä\LUC/nanummj/m/sl/10 ^^]\T1/ppl/m/n/10 (-20) . Wyler \LUC/nanummj/m/n/10/ac §\LUC/nanummj/m/n/10/c2 ▌\LUC/nanummj/m/n/10/c7 t \LUC/nanummj/m/n/10/c0 ░\LUC/nanummj/m/n/10/cd £\LUC/nanummj/m/n/10/d5 X\LUC/nanummj/m/n/10/b2 ö $\OT1/ppl/m/n/10 (-20) 1\OT1/zplm/m/n/10 /\OML/zplm/m/it/10  \OT1/zplm/m/n/10 = \OT1/ppl/m/n/10 (-20) 137.036 082$\LUC/nanummj/m/n/10/c6 @ \LUC/nanummj/m/n/10/c2 õ\LUC/nanummj/m/n/10/d5 ž\LUC/nanummj/m/n/10/ac ^^R $\OT1/ppl/m/n/10 (-20) 137.035 999 177$
 []

[30]
Underfull \hbox (badness 10000) in paragraph at lines 1273--1273
[]|\T1/ppl/m/it/9 (+20) Masanes--M³ller
 []


Underfull \hbox (badness 2591) in paragraph at lines 1273--1273
[]|\T1/ppl/m/n/9 (+20) knowledge bal-
 []


Underfull \hbox (badness 6220) in paragraph at lines 1273--1273
[]|\T1/ppl/m/n/9 (+20) full re-con-struc-
 []


Underfull \hbox (badness 6220) in paragraph at lines 1273--1273
[]|\T1/ppl/m/n/9 (+20) full re-con-struc-
 []

[31]

Package hyperref Warning: Token not allowed in a PDF string (Unicode):
(hyperref)                removing `math shift' on input line 1289.


Package hyperref Warning: Token not allowed in a PDF string (Unicode):
(hyperref)                removing `\times' on input line 1289.


Package hyperref Warning: Token not allowed in a PDF string (Unicode):
(hyperref)                removing `math shift' on input line 1289.


Package hyperref Warning: Token not allowed in a PDF string (Unicode):
(hyperref)                removing `math shift' on input line 1289.


Package hyperref Warning: Token not allowed in a PDF string (Unicode):
(hyperref)                removing `\times' on input line 1289.


Package hyperref Warning: Token not allowed in a PDF string (Unicode):
(hyperref)                removing `math shift' on input line 1289.

LaTeX Info: Symbol \textrightarrow not provided by
            font family ppl in TS1 encoding.
            Default family used instead on input line 1309.
LaTeX Info: Symbol \textrightarrow not provided by
            font family ppl in TS1 encoding.
            Default family used instead on input line 1309.
[32]
LaTeX Info: Symbol \textrightarrow not provided by
            font family ppl in TS1 encoding.
            Default family used instead on input line 1337.
LaTeX Info: Symbol \textrightarrow not provided by
            font family ppl in TS1 encoding.
            Default family used instead on input line 1337.
 [33]
LaTeX Font Info:    Font shape `U/msa/m/n' will be
(Font)              scaled to size 8.33606pt on input line 1365.
LaTeX Font Info:    Font shape `U/msb/m/n' will be
(Font)              scaled to size 8.33606pt on input line 1365.
LaTeX Info: Symbol \textrightarrow not provided by
            font family ppl in TS1 encoding.
            Default family used instead on input line 1371.
LaTeX Info: Symbol \textrightarrow not provided by
            font family ppl in TS1 encoding.
            Default family used instead on input line 1371.
 [34]

Package hyperref Warning: Token not allowed in a PDF string (Unicode):
(hyperref)                removing `math shift' on input line 1377.


Package hyperref Warning: Token not allowed in a PDF string (Unicode):
(hyperref)                removing `math shift' on input line 1377.


Underfull \hbox (badness 1629) in paragraph at lines 1438--1438
[]|\T1/ppl/m/n/7 (+20) Landauer \LUC/nanummj/m/n/7/c5 ¶ \LUC/nanummj/m/n/7/bc )\LUC/nanummj/m/n/7/cd £ \LUC/nanummj/m/n/7/d5 X\ $\OT1/ppl/m/n/7 (+20) 5 \OMS/zplm/m/n/7 ^^B
 []

LaTeX Font Info:    Font shape `LUC/nanummj/m/it' in size <7> not available
(Font)              Font shape `LUC/nanummj/m/sl' tried instead on input line 1439.

Underfull \hbox (badness 10000) in paragraph at lines 1438--1440
[][]
 []

[35] [36]
Underfull \hbox (badness 10000) in paragraph at lines 1480--1480
[]|$\OML/zplm/m/it/9 \OT1/zplm/m/n/9 (\OML/zplm/m/it/9 M[]\OT1/zplm/m/n/9 )$ \LUC/nanummj/m/n/9/c8 ^^U\LUC/nanummj/m/n/9/bc ^^@ \LUC/nanummj/m/n/9/ce !\LUC/nanummj/m/n/9/c8 ^^U\LUC/nanummj/m/n/9/c5 ą\LUC/nanummj/m/n/9/c1 ^^\
 []


Underfull \hbox (badness 10000) in paragraph at lines 1480--1480
\OT1/ppl/m/n/9 (+20) 1\OT1/zplm/m/n/9 /\OML/zplm/m/it/9 \OT1/zplm/m/n/9 (\OML/zplm/m/it/9 M[]\OT1/zplm/m/n/9 )$\LUC/nanummj/m/n/9/c7 X \LUC/nanummj/m/n/9/cd \\LUC/nanummj/m/n/9/ad ³\LUC/nanummj/m/n/9/c8 ^^Q ^^U\LUC/nanummj/m/n/9/c2 ^^X
 []

[37]
Underfull \hbox (badness 10000) in paragraph at lines 1541--1541

 []

[38] [39] 
enddocument/afterlastpage: lastpage setting LastPage.
(./alpha137.aux)
 ***********
LaTeX2e <2023-11-01> patch level 1
L3 programming layer <2024-01-22>
 ***********


LaTeX Font Warning: Some font shapes were not available, defaults substituted.

Package rerunfilecheck Info: File `alpha137.out' has not changed.
(rerunfilecheck)             Checksum: 7894A8A330FEE4746FC11F27CCD2EB94;9331.
 ) 
Here is how much of TeX's memory you used:
 36314 strings out of 474222
 675804 string characters out of 5748734
 1976975 words of memory out of 5000000
 56987 multiletter control sequences out of 15000+600000
 772099 words of font info for 919 fonts, out of 8000000 for 9000
 1141 hyphenation exceptions out of 8191
 123i,16n,124p,1937b,787s stack positions out of 10000i,1000n,20000p,200000b,200000s
</usr/share/texlive/texmf-dist/fonts/type1/public/amsfonts/cm/cmbx10.pfb></usr/share/texlive/texmf-dist/fonts/type1/public/amsfonts/cm/cmex10.pfb></usr/share/texlive/texmf-dist/fonts/type1/public/amsfonts/cm/cmmi10.pfb></usr/share/texlive/texmf-dist/fonts/type1/public/amsfonts/cm/cmr10.pfb></usr/share/texlive/texmf-dist/fonts/type1/public/amsfonts/cm/cmsy10.pfb></usr/share/texlive/texmf-dist/fonts/type1/public/mathpazo/fplmr.pfb></usr/share/texlive/texmf-dist/fonts/type1/public/mathpazo/fplmri.pfb></usr/share/texlive/texmf-dist/fonts/type1/public/nanumtype1/nanummjbac.pfb></usr/share/texlive/texmf-dist/fonts/type1/public/nanumtype1/nanummjbad.pfb></usr/share/texlive/texmf-dist/fonts/type1/public/nanumtype1/nanummjbae.pfb></usr/share/texlive/texmf-dist/fonts/type1/public/nanumtype1/nanummjbb0.pfb></usr/share/texlive/texmf-dist/fonts/type1/public/nanumtype1/nanummjbb1.pfb></usr/share/texlive/texmf-dist/fonts/type1/public/nanumtype1/nanummjbb2.pfb></usr/share/texlive/texmf-dist/fonts/type1/public/nanumtype1/nanummjbb3.pfb></usr/share/texlive/texmf-dist/fonts/type1/public/nanumtype1/nanummjbb4.pfb></usr/share/texlive/texmf-dist/fonts/type1/public/nanumtype1/nanummjbb7.pfb></usr/share/texlive/texmf-dist/fonts/type1/public/nanumtype1/nanummjbb8.pfb></usr/share/texlive/texmf-dist/fonts/type1/public/nanumtype1/nanummjbb9.pfb></usr/share/texlive/texmf-dist/fonts/type1/public/nanumtype1/nanummjbba.pfb></usr/share/texlive/texmf-dist/fonts/type1/public/nanumtype1/nanummjbbb.pfb></usr/share/texlive/texmf-dist/fonts/type1/public/nanumtype1/nanummjbbc.pfb></usr/share/texlive/texmf-dist/fonts/type1/public/nanumtype1/nanummjbbd.pfb></usr/share/texlive/texmf-dist/fonts/type1/public/nanumtype1/nanummjbbe.pfb></usr/share/texlive/texmf-dist/fonts/type1/public/nanumtype1/nanummjbc0.pfb></usr/share/texlive/texmf-dist/fonts/type1/public/nanumtype1/nanummjbc1.pfb></usr/share/texlive/texmf-dist/fonts/type1/public/nanumtype1/nanummjbc2.pfb></usr/share/texlive/texmf-dist/fonts/type1/public/nanumtype1/nanummjbc4.pfb></usr/share/texlive/texmf-dist/fonts/type1/public/nanumtype1/nanummjbc5.pfb></usr/share/texlive/texmf-dist/fonts/type1/public/nanumtype1/nanummjbc6.pfb></usr/share/texlive/texmf-dist/fonts/type1/public/nanumtype1/nanummjbc7.pfb></usr/share/texlive/texmf-dist/fonts/type1/public/nanumtype1/nanummjbc8.pfb></usr/share/texlive/texmf-dist/fonts/type1/public/nanumtype1/nanummjbc9.pfb></usr/share/texlive/texmf-dist/fonts/type1/public/nanumtype1/nanummjbcc.pfb></usr/share/texlive/texmf-dist/fonts/type1/public/nanumtype1/nanummjbcd.pfb></usr/share/texlive/texmf-dist/fonts/type1/public/nanumtype1/nanummjbce.pfb></usr/share/texlive/texmf-dist/fonts/type1/public/nanumtype1/nanummjbd0.pfb></usr/share/texlive/texmf-dist/fonts/type1/public/nanumtype1/nanummjbd1.pfb></usr/share/texlive/texmf-dist/fonts/type1/public/nanumtype1/nanummjbd3.pfb></usr/share/texlive/texmf-dist/fonts/type1/public/nanumtype1/nanummjbd4.pfb></usr/share/texlive/texmf-dist/fonts/type1/public/nanumtype1/nanummjbd5.pfb></usr/share/texlive/texmf-dist/fonts/type1/public/nanumtype1/nanummjbd6.pfb></usr/share/texlive/texmf-dist/fonts/type1/public/nanumtype1/nanummjmac.pfb></usr/share/texlive/texmf-dist/fonts/type1/public/nanumtype1/nanummjmac.pfb></usr/share/texlive/texmf-dist/fonts/type1/public/nanumtype1/nanummjmad.pfb></usr/share/texlive/texmf-dist/fonts/type1/public/nanumtype1/nanummjmad.pfb></usr/share/texlive/texmf-dist/fonts/type1/public/nanumtype1/nanummjmae.pfb></usr/share/texlive/texmf-dist/fonts/type1/public/nanumtype1/nanummjmae.pfb></usr/share/texlive/texmf-dist/fonts/type1/public/nanumtype1/nanummjmaf.pfb></usr/share/texlive/texmf-dist/fonts/type1/public/nanumtype1/nanummjmb0.pfb></usr/share/texlive/texmf-dist/fonts/type1/public/nanumtype1/nanummjmb0.pfb></usr/share/texlive/texmf-dist/fonts/type1/public/nanumtype1/nanummjmb1.pfb></usr/share/texlive/texmf-dist/fonts/type1/public/nanumtype1/nanummjmb1.pfb></usr/share/texlive/texmf-dist/fonts/type1/public/nanumtype1/nanummjmb2.pfb></usr/share/texlive/texmf-dist/fonts/type1/public/nanumtype1/nanummjmb2.pfb></usr/share/texlive/texmf-dist/fonts/type1/public/nanumtype1/nanummjmb3.pfb></usr/share/texlive/texmf-dist/fonts/type1/public/nanumtype1/nanummjmb3.pfb></usr/share/texlive/texmf-dist/fonts/type1/public/nanumtype1/nanummjmb4.pfb></usr/share/texlive/texmf-dist/fonts/type1/public/nanumtype1/nanummjmb4.pfb></usr/share/texlive/texmf-dist/fonts/type1/public/nanumtype1/nanummjmb5.pfb></usr/share/texlive/texmf-dist/fonts/type1/public/nanumtype1/nanummjmb5.pfb></usr/share/texlive/texmf-dist/fonts/type1/public/nanumtype1/nanummjmb6.pfb></usr/share/texlive/texmf-dist/fonts/type1/public/nanumtype1/nanummjmb6.pfb></usr/share/texlive/texmf-dist/fonts/type1/public/nanumtype1/nanummjmb7.pfb></usr/share/texlive/texmf-dist/fonts/type1/public/nanumtype1/nanummjmb7.pfb></usr/share/texlive/texmf-dist/fonts/type1/public/nanumtype1/nanummjmb8.pfb></usr/share/texlive/texmf-dist/fonts/type1/public/nanumtype1/nanummjmb8.pfb></usr/share/texlive/texmf-dist/fonts/type1/public/nanumtype1/nanummjmb9.pfb></usr/share/texlive/texmf-dist/fonts/type1/public/nanumtype1/nanummjmb9.pfb></usr/share/texlive/texmf-dist/fonts/type1/public/nanumtype1/nanummjmba.pfb></usr/share/texlive/texmf-dist/fonts/type1/public/nanumtype1/nanummjmba.pfb></usr/share/texlive/texmf-dist/fonts/type1/public/nanumtype1/nanummjmbb.pfb></usr/share/texlive/texmf-dist/fonts/type1/public/nanumtype1/nanummjmbb.pfb></usr/share/texlive/texmf-dist/fonts/type1/public/nanumtype1/nanummjmbc.pfb></usr/share/texlive/texmf-dist/fonts/type1/public/nanumtype1/nanummjmbc.pfb></usr/share/texlive/texmf-dist/fonts/type1/public/nanumtype1/nanummjmbd.pfb></usr/share/texlive/texmf-dist/fonts/type1/public/nanumtype1/nanummjmbd.pfb></usr/share/texlive/texmf-dist/fonts/type1/public/nanumtype1/nanummjmbe.pfb></usr/share/texlive/texmf-dist/fonts/type1/public/nanumtype1/nanummjmbe.pfb></usr/share/texlive/texmf-dist/fonts/type1/public/nanumtype1/nanummjmbf.pfb></usr/share/texlive/texmf-dist/fonts/type1/public/nanumtype1/nanummjmbf.pfb></usr/share/texlive/texmf-dist/fonts/type1/public/nanumtype1/nanummjmc0.pfb></usr/share/texlive/texmf-dist/fonts/type1/public/nanumtype1/nanummjmc0.pfb></usr/share/texlive/texmf-dist/fonts/type1/public/nanumtype1/nanummjmc1.pfb></usr/share/texlive/texmf-dist/fonts/type1/public/nanumtype1/nanummjmc1.pfb></usr/share/texlive/texmf-dist/fonts/type1/public/nanumtype1/nanummjmc2.pfb></usr/share/texlive/texmf-dist/fonts/type1/public/nanumtype1/nanummjmc2.pfb></usr/share/texlive/texmf-dist/fonts/type1/public/nanumtype1/nanummjmc3.pfb></usr/share/texlive/texmf-dist/fonts/type1/public/nanumtype1/nanummjmc4.pfb></usr/share/texlive/texmf-dist/fonts/type1/public/nanumtype1/nanummjmc4.pfb></usr/share/texlive/texmf-dist/fonts/type1/public/nanumtype1/nanummjmc5.pfb></usr/share/texlive/texmf-dist/fonts/type1/public/nanumtype1/nanummjmc5.pfb></usr/share/texlive/texmf-dist/fonts/type1/public/nanumtype1/nanummjmc6.pfb></usr/share/texlive/texmf-dist/fonts/type1/public/nanumtype1/nanummjmc6.pfb></usr/share/texlive/texmf-dist/fonts/type1/public/nanumtype1/nanummjmc7.pfb></usr/share/texlive/texmf-dist/fonts/type1/public/nanumtype1/nanummjmc7.pfb></usr/share/texlive/texmf-dist/fonts/type1/public/nanumtype1/nanummjmc8.pfb></usr/share/texlive/texmf-dist/fonts/type1/public/nanumtype1/nanummjmc8.pfb></usr/share/texlive/texmf-dist/fonts/type1/public/nanumtype1/nanummjmc9.pfb></usr/share/texlive/texmf-dist/fonts/type1/public/nanumtype1/nanummjmc9.pfb></usr/share/texlive/texmf-dist/fonts/type1/public/nanumtype1/nanummjmca.pfb></usr/share/texlive/texmf-dist/fonts/type1/public/nanumtype1/nanummjmcc.pfb></usr/share/texlive/texmf-dist/fonts/type1/public/nanumtype1/nanummjmcc.pfb></usr/share/texlive/texmf-dist/fonts/type1/public/nanumtype1/nanummjmcd.pfb></usr/share/texlive/texmf-dist/fonts/type1/public/nanumtype1/nanummjmcd.pfb></usr/share/texlive/texmf-dist/fonts/type1/public/nanumtype1/nanummjmce.pfb></usr/share/texlive/texmf-dist/fonts/type1/public/nanumtype1/nanummjmce.pfb></usr/share/texlive/texmf-dist/fonts/type1/public/nanumtype1/nanummjmcf.pfb></usr/share/texlive/texmf-dist/fonts/type1/public/nanumtype1/nanummjmcf.pfb></usr/share/texlive/texmf-dist/fonts/type1/public/nanumtype1/nanummjmd0.pfb></usr/share/texlive/texmf-dist/fonts/type1/public/nanumtype1/nanummjmd0.pfb></usr/share/texlive/texmf-dist/fonts/type1/public/nanumtype1/nanummjmd1.pfb></usr/share/texlive/texmf-dist/fonts/type1/public/nanumtype1/nanummjmd1.pfb></usr/share/texlive/texmf-dist/fonts/type1/public/nanumtype1/nanummjmd2.pfb></usr/share/texlive/texmf-dist/fonts/type1/public/nanumtype1/nanummjmd2.pfb></usr/share/texlive/texmf-dist/fonts/type1/public/nanumtype1/nanummjmd3.pfb></usr/share/texlive/texmf-dist/fonts/type1/public/nanumtype1/nanummjmd3.pfb></usr/share/texlive/texmf-dist/fonts/type1/public/nanumtype1/nanummjmd4.pfb></usr/share/texlive/texmf-dist/fonts/type1/public/nanumtype1/nanummjmd4.pfb></usr/share/texlive/texmf-dist/fonts/type1/public/nanumtype1/nanummjmd5.pfb></usr/share/texlive/texmf-dist/fonts/type1/public/nanumtype1/nanummjmd5.pfb></usr/share/texlive/texmf-dist/fonts/type1/public/nanumtype1/nanummjmd6.pfb></usr/share/texlive/texmf-dist/fonts/type1/public/nanumtype1/nanummjmd6.pfb></usr/share/texlive/texmf-dist/fonts/type1/public/nanumtype1/nanummjmd7.pfb></usr/share/texlive/texmf-dist/fonts/type1/public/nanumtype1/nanummjmd7.pfb></usr/share/texmf/fonts/type1/public/cm-super/sfrm1000.pfb></usr/share/texmf/fonts/type1/public/cm-super/sfss0800.pfb></usr/share/texmf/fonts/type1/public/cm-super/sftt1000.pfb></usr/share/texlive/texmf-dist/fonts/type1/uhc/umj/umj01.pfb></usr/share/texlive/texmf-dist/fonts/type1/uhc/umj/umj04.pfb></usr/share/texlive/texmf-dist/fonts/type1/urw/palatino/uplb8a.pfb></usr/share/texlive/texmf-dist/fonts/type1/urw/palatino/uplbi8a.pfb></usr/share/texlive/texmf-dist/fonts/type1/urw/palatino/uplr8a.pfb></usr/share/texlive/texmf-dist/fonts/type1/urw/palatino/uplri8a.pfb>
Output written on alpha137.pdf (39 pages, 6276038 bytes).
PDF statistics:
 2088 PDF objects out of 2487 (max. 8388607)
 1514 compressed objects within 16 object streams
 217 named destinations out of 1000 (max. 500000)
 119754 words of extra memory for PDF output out of 128383 (max. 10000000)

