\BOOKMARK [1][]{section.1}{\376\377\301\034\270\140}{}% 1
\BOOKMARK [1][]{section.2}{\376\377\254\365\271\254\000\040\314\264\254\304}{}% 2
\BOOKMARK [2][]{subsection.2.1}{\376\377\301\044\254\304\000\040\306\320\271\254}{section.2}% 3
\BOOKMARK [2][]{subsection.2.2}{\376\377\315\134\301\214\307\221\306\251\254\374\000\040\315\134\301\214\276\104\306\251}{section.2}% 4
\BOOKMARK [2][]{subsection.2.3}{\376\377\306\251\305\264\000\040\310\374\307\130\000:\000\040\000`\000`\276\104\254\000\305\355\000'\000'\307\130\000\040\307\130\273\370}{section.2}% 5
\BOOKMARK [2][]{subsection.2.4}{\376\377\306\251\305\264\000\040\305\110\260\264}{section.2}% 6
\BOOKMARK [2][]{subsection.2.5}{\376\377\301\070\000\040\254\000\311\300\000\040\255\154\301\061\000\040\306\224\301\214}{section.2}% 7
\BOOKMARK [2][]{subsection.2.6}{\376\377\306\134\000\040\307\164\000\040\305\360\300\260\307\170\254\000}{section.2}% 8
\BOOKMARK [2][]{subsection.2.7}{\376\377\274\370\000\040\261\174\273\070\307\130\000\040\274\224\307\004}{section.2}% 9
\BOOKMARK [2][]{subsection.2.8}{\376\377\263\305\307\220\000\040\305\110\260\264\000:\000\040\327\124\325\134\000\040\306\044\325\164\000\040\0004\254\000\311\300}{section.2}% 10
\BOOKMARK [2][]{subsection.2.9}{\376\377\274\051\274\225\270\140\310\001\000\040\322\054\272\205\301\061}{section.2}% 11
\BOOKMARK [2][]{subsection.2.10}{\376\377\325\155\272\251\000\040\272\251\270\135}{section.2}% 12
\BOOKMARK [2][]{subsection.2.11}{\376\377\0004\000\040\272\205\302\334\000\040\254\365\271\254\000\040\000+\000\040\0001\000\040\272\205\310\034}{section.2}% 13
\BOOKMARK [1][]{section.3}{\376\377\276\104\306\251\040\023\301\034\272\205\000\040\263\000\307\121\000\040\310\025\271\254}{}% 14
\BOOKMARK [1][]{section.4}{\376\377\307\130\000\040\263\304\315\234}{}% 15
\BOOKMARK [2][]{subsection.4.1}{\376\377\000S\000O\000\050\0005\000,\0002\000\051\306\100\000\040\255\371\263\000\000\040\317\144\323\051\322\270\000\040\275\200\275\204\255\160}{section.4}% 16
\BOOKMARK [2][]{subsection.4.2}{\376\377\272\253\254\365\254\004\000\040\000D\0005}{section.4}% 17
\BOOKMARK [2][]{subsection.4.3}{\376\377\000W\000y\000l\000e\000r\000\040\314\264\310\001\276\104}{section.4}% 18
\BOOKMARK [2][]{subsection.4.4}{\376\377\302\030\316\130\000\040\254\260\254\374}{section.4}% 19
\BOOKMARK [2][]{subsection.4.5}{\376\377\307\170\302\030\000\040\315\224\310\001}{section.4}% 20
\BOOKMARK [3][]{subsubsection.4.5.1}{\376\377\0005\000/\0005\000!\307\130\000\040\000f\000o\000r\000w\000a\000r\000d\000\040\000c\000h\000a\000i\000n\000\040\000\050\254\025\325\134\000\040\254\260\254\374\000\051}{subsection.4.5}% 21
\BOOKMARK [3][]{subsubsection.4.5.2}{\376\377\000\050\000\051\0001\000/\0004\000\040\254\160\264\355\310\034\254\361\307\130\000\040\311\300\307\004\000\040\040\024\000\040\311\301\255\120\000\040\263\305\271\275\000\040\315\225\307\130\000\040\256\060\325\130\323\311\255\340}{subsection.4.5}% 22
\BOOKMARK [3][]{subsubsection.4.5.3}{\376\377\263\304\315\234\000\040\314\264\307\170\000\040\310\205\325\151}{subsection.4.5}% 23
\BOOKMARK [1][]{section.5}{\376\377\255\154\310\160\310\001\000\040\307\174\255\000\301\061\000\040\326\125\307\170\000:\000\040\000W\000e\000i\000n\000b\000e\000r\000g\000\040\254\001\263\304}{}% 24
\BOOKMARK [2][]{subsection.5.1}{\376\377\310\374\000\040\254\260\254\374\000:\000\040\315\134\301\214\000\040\326\025\320\334}{section.5}% 25
\BOOKMARK [2][]{subsection.5.2}{\376\377\254\365\302\335\307\130\000\040\255\154\310\160\310\001\000\040\307\040\307\174\301\061}{section.5}% 26
\BOOKMARK [2][]{subsection.5.3}{\376\377\263\305\271\275\301\061\307\130\000\040\307\130\273\370}{section.5}% 27
\BOOKMARK [1][]{section.6}{\376\377\000R\000o\000b\000e\000r\000t\000s\000o\000n\000/\000G\000i\000l\000m\000o\000r\000e\000\040\276\104\323\020\305\320\000\040\263\000\325\134\000\040\262\365\274\300}{}% 28
\BOOKMARK [2][]{subsection.6.1}{\376\377\000\050\000R\0001\000\051\000\040\273\074\271\254\310\001\000\040\263\331\256\060\000\040\275\200\307\254\000:\000\040\000`\000`\306\134\000\040\000D\0005\254\000\000\040\310\004\307\220\256\060\270\045\254\374\000\040\255\000\270\050\264\030\262\224\254\000\000?\000'\000'\000\040\000r\000o\000b\000e\000r\000t\000s\000o\000n\0001\0009\0007\0001}{section.6}% 29
\BOOKMARK [2][]{subsection.6.2}{\376\377\000\050\000R\0002\000\051\000\040\255\160\000\040\301\040\320\335\307\130\000\040\307\204\307\130\301\061\000:\000\040\000`\000`\306\134\000\040\000S\000O\000\050\0005\000,\0002\000\051\307\170\254\000\000?\000'\000'\000\040\000r\000o\000b\000e\000r\000t\000s\000o\000n\0001\0009\0007\0001}{section.6}% 30
\BOOKMARK [2][]{subsection.6.3}{\376\377\000\050\000R\0003\000\051\000\040\316\041\263\304\000\040\301\040\320\335\307\130\000\040\276\104\307\040\307\174\301\061\000:\000\040\000`\000`\262\344\271\170\000\040\263\000\316\155\254\365\254\004\000\040\301\040\320\335\000\040\302\334\000\040\262\344\271\170\000\040\254\022\000'\000'\000\040\000g\000i\000l\000m\000o\000r\000e\0001\0009\0007\0002}{section.6}% 31
\BOOKMARK [1][]{section.7}{\376\377\274\364\310\160\000\040\254\260\254\374}{}% 32
\BOOKMARK [2][]{subsection.7.1}{\376\377\263\305\271\275\000\040\255\154\310\160\310\001\000\040\307\174\316\130\000:\000\040\000H\000a\000m\000m\000i\000n\000g\000\040\306\044\271\130\310\025\310\025\000\040\317\124\264\334}{section.7}% 33
\BOOKMARK [2][]{subsection.7.2}{\376\377\263\305\271\275\000\040\300\260\315\234\000\040\326\304\274\364\000:\000\040\274\024\271\254\306\050\000-\255\021\307\220\000\040\276\104\000\040\000\050\000B\000\051}{section.7}% 34
\BOOKMARK [1][]{section.8}{\376\377\261\174\307\130}{}% 35
\BOOKMARK [2][]{subsection.8.1}{\376\377\305\320\261\010\311\300\000\040\302\244\317\000\307\174\000\040\273\070\310\034}{section.8}% 36
\BOOKMARK [3][]{subsubsection.8.1.1}{\376\377\000\040\000r\000u\000n\000n\000i\000n\000g\307\130\000\040\000C\000A\000S\000\040\276\104\306\251\000\040\272\124\316\344\262\310\311\230}{subsection.8.1}% 37
\BOOKMARK [3][]{subsubsection.8.1.2}{\376\377\0001\0003\0007\000\040\000=\000\040\0001\0002\0008\000\040\000+\000\040\0009\307\130\000\040\000C\000A\000S\000\040\255\154\310\160\310\001\000\040\325\164\301\035}{subsection.8.1}% 38
\BOOKMARK [2][]{subsection.8.2}{\376\377\320\320\300\311\000\040\254\365\254\004\307\130\000\040\310\034\325\134\000:\000\040\302\030\276\104\325\131\000\040\314\050\262\350}{section.8}% 39
\BOOKMARK [2][]{subsection.8.3}{\376\377\307\164\300\260\000\040\254\365\271\254\305\320\301\034\000\040\305\360\301\215\000\040\273\074\271\254\267\311\307\074\270\134\307\130\000\040\310\004\326\130}{section.8}% 40
\BOOKMARK [2][]{subsection.8.4}{\376\377\255\154\310\160\000\040\300\301\302\030\307\130\000\040\254\365\271\254\310\001\000\040\256\060\306\320}{section.8}% 41
\BOOKMARK [2][]{subsection.8.5}{\376\377\000E\000d\000d\000i\000n\000g\000t\000o\000n\254\374\307\130\000\040\314\050\307\164}{section.8}% 42
\BOOKMARK [2][]{subsection.8.6}{\376\377\274\224\307\004\306\100\000\040\325\134\254\304}{section.8}% 43
\BOOKMARK [2][]{subsection.8.7}{\376\377\274\370\000\040\254\365\271\254\000\040\314\264\254\304\307\130\000\040\311\300\307\004\000:\000\040\256\060\310\164\000\040\273\074\271\254\325\131\254\374\307\130\000\040\255\000\254\304}{section.8}% 44
\BOOKMARK [3][]{subsubsection.8.7.1}{\376\377\000`\000`\327\220\274\240\271\164\322\270\000\040\254\365\254\004\307\100\000\040\305\264\265\024\000\040\307\210\262\224\254\000\000'\000'}{subsection.8.7}% 45
\BOOKMARK [3][]{subsubsection.8.7.2}{\376\377\000`\000`\254\214\307\164\311\300\000\040\255\160\000\040\000S\000U\000\050\0003\000\051\000S\000U\000\050\0002\000\051\000U\000\050\0001\000\051\307\100\000\040\305\264\265\024\301\034\000\040\260\230\306\044\262\224\254\000\000'\000'}{subsection.8.7}% 46
\BOOKMARK [3][]{subsubsection.8.7.3}{\376\377\000`\000`\307\164\254\203\307\100\000\040\273\074\271\254\000\040\307\164\270\140\307\170\254\000\000,\000\040\254\304\300\260\000\040\272\250\326\025\307\170\254\000\000'\000'}{subsection.8.7}% 47
\BOOKMARK [3][]{subsubsection.8.7.4}{\376\377\000`\000`\306\134\000\040\255\000\316\041\000/\323\020\310\025\000/\256\060\270\135\307\170\254\000\040\024\307\164\254\203\307\100\000\040\305\221\307\220\000\040\316\041\310\025\254\374\000\040\262\344\271\164\262\344\000'\000'}{subsection.8.7}% 48
\BOOKMARK [3][]{subsubsection.8.7.5}{\376\377\307\164\300\260\305\320\301\034\000\040\305\360\301\215\307\100\000\040\305\264\265\273\254\214\000\040\314\075\274\034\325\130\262\224\254\000}{subsection.8.7}% 49
\BOOKMARK [3][]{subsubsection.8.7.6}{\376\377\311\021\314\251\254\374\000\040\275\225\255\064\307\130\000\040\255\154\310\160\310\001\000\040\263\000\307\121}{subsection.8.7}% 50
\BOOKMARK [3][]{subsubsection.8.7.7}{\376\377\276\104\306\251\000\040\325\150\302\030\000\040\000\173\0000\000,\000\040\000+\0001\000\175\307\130\000\040\307\040\307\174\301\061}{subsection.8.7}% 51
\BOOKMARK [1][]{section.9}{\376\377\254\260\270\140}{}% 52
\BOOKMARK [1][]{appendix.A}{\376\377\000A\000p\000p\000e\000n\000d\000i\000x\000\040\000A}{}% 53
\BOOKMARK [2][]{subsection.A.1}{\376\377\000W\000y\000l\000e\000r\000\040\254\365\302\335\307\130\000\040\272\205\302\334\310\001\000\040\254\304\300\260}{appendix.A}% 54
\BOOKMARK [1][]{appendix.B}{\376\377\000R\000e\000f\000e\000r\000e\000n\000c\000e\000s}{}% 55
